{"/home/scooter/Projects/rqg-attributes/src/lib/dex_sr.js": {"path":"/home/scooter/Projects/rqg-attributes/src/lib/dex_sr.js","all":false,"statementMap":{"0":{"start":{"line":1,"column":0},"end":{"line":1,"column":32}},"1":{"start":{"line":2,"column":0},"end":{"line":2,"column":2}},"2":{"start":{"line":3,"column":0},"end":{"line":3,"column":51}},"3":{"start":{"line":4,"column":0},"end":{"line":4,"column":13}},"4":{"start":{"line":5,"column":0},"end":{"line":5,"column":3}},"5":{"start":{"line":6,"column":0},"end":{"line":6,"column":0}},"6":{"start":{"line":7,"column":0},"end":{"line":7,"column":15}},"7":{"start":{"line":8,"column":0},"end":{"line":8,"column":13}},"8":{"start":{"line":9,"column":0},"end":{"line":9,"column":23}},"9":{"start":{"line":10,"column":0},"end":{"line":10,"column":13}},"10":{"start":{"line":11,"column":0},"end":{"line":11,"column":23}},"11":{"start":{"line":12,"column":0},"end":{"line":12,"column":13}},"12":{"start":{"line":13,"column":0},"end":{"line":13,"column":23}},"13":{"start":{"line":14,"column":0},"end":{"line":14,"column":13}},"14":{"start":{"line":15,"column":0},"end":{"line":15,"column":23}},"15":{"start":{"line":16,"column":0},"end":{"line":16,"column":13}},"16":{"start":{"line":17,"column":0},"end":{"line":17,"column":10}},"17":{"start":{"line":18,"column":0},"end":{"line":18,"column":13}},"18":{"start":{"line":19,"column":0},"end":{"line":19,"column":3}},"19":{"start":{"line":20,"column":0},"end":{"line":20,"column":1}}},"s":{"0":1,"1":75,"2":75,"3":16,"4":16,"5":59,"6":75,"7":3,"8":75,"9":8,"10":56,"11":6,"12":48,"13":9,"14":42,"15":9,"16":33,"17":24,"18":24,"19":75},"branchMap":{"0":{"type":"branch","line":2,"loc":{"start":{"line":2,"column":-1},"end":{"line":20,"column":1}},"locations":[{"start":{"line":2,"column":-1},"end":{"line":20,"column":1}}]},"1":{"type":"branch","line":3,"loc":{"start":{"line":3,"column":29},"end":{"line":3,"column":49}},"locations":[{"start":{"line":3,"column":29},"end":{"line":3,"column":49}}]},"2":{"type":"branch","line":3,"loc":{"start":{"line":3,"column":50},"end":{"line":5,"column":3}},"locations":[{"start":{"line":3,"column":50},"end":{"line":5,"column":3}}]},"3":{"type":"branch","line":6,"loc":{"start":{"line":6,"column":-1},"end":{"line":7,"column":14}},"locations":[{"start":{"line":6,"column":-1},"end":{"line":7,"column":14}}]},"4":{"type":"branch","line":7,"loc":{"start":{"line":7,"column":14},"end":{"line":9,"column":3}},"locations":[{"start":{"line":7,"column":14},"end":{"line":9,"column":3}}]},"5":{"type":"branch","line":9,"loc":{"start":{"line":9,"column":3},"end":{"line":19,"column":3}},"locations":[{"start":{"line":9,"column":3},"end":{"line":19,"column":3}}]},"6":{"type":"branch","line":9,"loc":{"start":{"line":9,"column":22},"end":{"line":11,"column":3}},"locations":[{"start":{"line":9,"column":22},"end":{"line":11,"column":3}}]},"7":{"type":"branch","line":11,"loc":{"start":{"line":11,"column":3},"end":{"line":19,"column":3}},"locations":[{"start":{"line":11,"column":3},"end":{"line":19,"column":3}}]},"8":{"type":"branch","line":11,"loc":{"start":{"line":11,"column":22},"end":{"line":13,"column":3}},"locations":[{"start":{"line":11,"column":22},"end":{"line":13,"column":3}}]},"9":{"type":"branch","line":13,"loc":{"start":{"line":13,"column":3},"end":{"line":19,"column":3}},"locations":[{"start":{"line":13,"column":3},"end":{"line":19,"column":3}}]},"10":{"type":"branch","line":13,"loc":{"start":{"line":13,"column":22},"end":{"line":15,"column":3}},"locations":[{"start":{"line":13,"column":22},"end":{"line":15,"column":3}}]},"11":{"type":"branch","line":15,"loc":{"start":{"line":15,"column":3},"end":{"line":19,"column":3}},"locations":[{"start":{"line":15,"column":3},"end":{"line":19,"column":3}}]},"12":{"type":"branch","line":15,"loc":{"start":{"line":15,"column":22},"end":{"line":17,"column":3}},"locations":[{"start":{"line":15,"column":22},"end":{"line":17,"column":3}}]},"13":{"type":"branch","line":17,"loc":{"start":{"line":17,"column":3},"end":{"line":19,"column":3}},"locations":[{"start":{"line":17,"column":3},"end":{"line":19,"column":3}}]}},"b":{"0":[75],"1":[59],"2":[16],"3":[59],"4":[3],"5":[56],"6":[8],"7":[48],"8":[6],"9":[42],"10":[9],"11":[33],"12":[9],"13":[24]},"fnMap":{"0":{"name":"dex_sr","decl":{"start":{"line":2,"column":-1},"end":{"line":20,"column":1}},"loc":{"start":{"line":2,"column":-1},"end":{"line":20,"column":1}},"line":2}},"f":{"0":75}}
,"/home/scooter/Projects/rqg-attributes/src/lib/dmg_bonus.js": {"path":"/home/scooter/Projects/rqg-attributes/src/lib/dmg_bonus.js","all":false,"statementMap":{"0":{"start":{"line":1,"column":0},"end":{"line":1,"column":40}},"1":{"start":{"line":2,"column":0},"end":{"line":2,"column":72}},"2":{"start":{"line":3,"column":0},"end":{"line":3,"column":12}},"3":{"start":{"line":4,"column":0},"end":{"line":4,"column":2}},"4":{"start":{"line":5,"column":0},"end":{"line":5,"column":0}},"5":{"start":{"line":6,"column":0},"end":{"line":6,"column":21}},"6":{"start":{"line":7,"column":0},"end":{"line":7,"column":21}},"7":{"start":{"line":8,"column":0},"end":{"line":8,"column":0}},"8":{"start":{"line":9,"column":0},"end":{"line":9,"column":27}},"9":{"start":{"line":10,"column":0},"end":{"line":10,"column":0}},"10":{"start":{"line":11,"column":0},"end":{"line":11,"column":20}},"11":{"start":{"line":12,"column":0},"end":{"line":12,"column":16}},"12":{"start":{"line":13,"column":0},"end":{"line":13,"column":27}},"13":{"start":{"line":14,"column":0},"end":{"line":14,"column":13}},"14":{"start":{"line":15,"column":0},"end":{"line":15,"column":27}},"15":{"start":{"line":16,"column":0},"end":{"line":16,"column":16}},"16":{"start":{"line":17,"column":0},"end":{"line":17,"column":27}},"17":{"start":{"line":18,"column":0},"end":{"line":18,"column":16}},"18":{"start":{"line":19,"column":0},"end":{"line":19,"column":9}},"19":{"start":{"line":20,"column":0},"end":{"line":20,"column":50}},"20":{"start":{"line":21,"column":0},"end":{"line":21,"column":20}},"21":{"start":{"line":22,"column":0},"end":{"line":22,"column":13}},"22":{"start":{"line":23,"column":0},"end":{"line":23,"column":10}},"23":{"start":{"line":24,"column":0},"end":{"line":24,"column":23}},"24":{"start":{"line":25,"column":0},"end":{"line":25,"column":3}},"25":{"start":{"line":26,"column":0},"end":{"line":26,"column":2}},"26":{"start":{"line":27,"column":0},"end":{"line":27,"column":2}}},"s":{"0":1,"1":37,"2":22,"3":22,"4":15,"5":15,"6":15,"7":15,"8":15,"9":15,"10":18,"11":1,"12":18,"13":3,"14":14,"15":2,"16":11,"17":2,"18":9,"19":7,"20":7,"21":0,"22":7,"23":7,"24":7,"25":7,"26":37},"branchMap":{"0":{"type":"branch","line":2,"loc":{"start":{"line":2,"column":-1},"end":{"line":27,"column":2}},"locations":[{"start":{"line":2,"column":-1},"end":{"line":27,"column":2}}]},"1":{"type":"branch","line":2,"loc":{"start":{"line":2,"column":22},"end":{"line":2,"column":41}},"locations":[{"start":{"line":2,"column":22},"end":{"line":2,"column":41}}]},"2":{"type":"branch","line":2,"loc":{"start":{"line":2,"column":42},"end":{"line":2,"column":55}},"locations":[{"start":{"line":2,"column":42},"end":{"line":2,"column":55}}]},"3":{"type":"branch","line":2,"loc":{"start":{"line":2,"column":56},"end":{"line":2,"column":69}},"locations":[{"start":{"line":2,"column":56},"end":{"line":2,"column":69}}]},"4":{"type":"branch","line":2,"loc":{"start":{"line":2,"column":71},"end":{"line":4,"column":2}},"locations":[{"start":{"line":2,"column":71},"end":{"line":4,"column":2}}]},"5":{"type":"branch","line":5,"loc":{"start":{"line":5,"column":-1},"end":{"line":26,"column":2}},"locations":[{"start":{"line":5,"column":-1},"end":{"line":26,"column":2}}]},"6":{"type":"branch","line":5,"loc":{"start":{"line":5,"column":-1},"end":{"line":11,"column":19}},"locations":[{"start":{"line":5,"column":-1},"end":{"line":11,"column":19}}]},"7":{"type":"branch","line":11,"loc":{"start":{"line":11,"column":19},"end":{"line":13,"column":2}},"locations":[{"start":{"line":11,"column":19},"end":{"line":13,"column":2}}]},"8":{"type":"branch","line":13,"loc":{"start":{"line":13,"column":2},"end":{"line":26,"column":2}},"locations":[{"start":{"line":13,"column":2},"end":{"line":26,"column":2}}]},"9":{"type":"branch","line":13,"loc":{"start":{"line":13,"column":26},"end":{"line":15,"column":2}},"locations":[{"start":{"line":13,"column":26},"end":{"line":15,"column":2}}]},"10":{"type":"branch","line":15,"loc":{"start":{"line":15,"column":2},"end":{"line":26,"column":2}},"locations":[{"start":{"line":15,"column":2},"end":{"line":26,"column":2}}]},"11":{"type":"branch","line":15,"loc":{"start":{"line":15,"column":26},"end":{"line":17,"column":2}},"locations":[{"start":{"line":15,"column":26},"end":{"line":17,"column":2}}]},"12":{"type":"branch","line":17,"loc":{"start":{"line":17,"column":2},"end":{"line":26,"column":2}},"locations":[{"start":{"line":17,"column":2},"end":{"line":26,"column":2}}]},"13":{"type":"branch","line":17,"loc":{"start":{"line":17,"column":26},"end":{"line":19,"column":2}},"locations":[{"start":{"line":17,"column":26},"end":{"line":19,"column":2}}]},"14":{"type":"branch","line":19,"loc":{"start":{"line":19,"column":2},"end":{"line":26,"column":2}},"locations":[{"start":{"line":19,"column":2},"end":{"line":26,"column":2}}]},"15":{"type":"branch","line":21,"loc":{"start":{"line":21,"column":19},"end":{"line":23,"column":3}},"locations":[{"start":{"line":21,"column":19},"end":{"line":23,"column":3}}]}},"b":{"0":[37],"1":[34],"2":[34],"3":[17],"4":[22],"5":[18],"6":[15],"7":[1],"8":[14],"9":[3],"10":[11],"11":[2],"12":[9],"13":[2],"14":[7],"15":[0]},"fnMap":{"0":{"name":"dmg_bonus","decl":{"start":{"line":2,"column":-1},"end":{"line":27,"column":2}},"loc":{"start":{"line":2,"column":-1},"end":{"line":27,"column":2}},"line":2}},"f":{"0":37}}
,"/home/scooter/Projects/rqg-attributes/src/lib/hit_points.js": {"path":"/home/scooter/Projects/rqg-attributes/src/lib/hit_points.js","all":false,"statementMap":{"0":{"start":{"line":1,"column":0},"end":{"line":1,"column":41}},"1":{"start":{"line":2,"column":0},"end":{"line":2,"column":0}},"2":{"start":{"line":3,"column":0},"end":{"line":3,"column":46}},"3":{"start":{"line":4,"column":0},"end":{"line":4,"column":57}},"4":{"start":{"line":5,"column":0},"end":{"line":5,"column":1}}},"s":{"0":1,"1":1,"2":1,"3":54,"4":54},"branchMap":{"0":{"type":"branch","line":3,"loc":{"start":{"line":3,"column":26},"end":{"line":5,"column":1}},"locations":[{"start":{"line":3,"column":26},"end":{"line":5,"column":1}}]}},"b":{"0":[54]},"fnMap":{"0":{"name":"hit_points","decl":{"start":{"line":3,"column":26},"end":{"line":5,"column":1}},"loc":{"start":{"line":3,"column":26},"end":{"line":5,"column":1}},"line":3}},"f":{"0":54}}
,"/home/scooter/Projects/rqg-attributes/src/lib/max_enc.js": {"path":"/home/scooter/Projects/rqg-attributes/src/lib/max_enc.js","all":false,"statementMap":{"0":{"start":{"line":1,"column":0},"end":{"line":1,"column":38}},"1":{"start":{"line":2,"column":0},"end":{"line":2,"column":0}},"2":{"start":{"line":3,"column":0},"end":{"line":3,"column":57}},"3":{"start":{"line":4,"column":0},"end":{"line":4,"column":13}},"4":{"start":{"line":5,"column":0},"end":{"line":5,"column":4}},"5":{"start":{"line":6,"column":0},"end":{"line":6,"column":0}},"6":{"start":{"line":7,"column":0},"end":{"line":7,"column":18}},"7":{"start":{"line":8,"column":0},"end":{"line":8,"column":25}},"8":{"start":{"line":9,"column":0},"end":{"line":9,"column":2}},"9":{"start":{"line":10,"column":0},"end":{"line":10,"column":0}},"10":{"start":{"line":11,"column":0},"end":{"line":11,"column":26}},"11":{"start":{"line":12,"column":0},"end":{"line":12,"column":2}}},"s":{"0":1,"1":33,"2":33,"3":23,"4":33,"5":10,"6":13,"7":6,"8":6,"9":4,"10":4,"11":4},"branchMap":{"0":{"type":"branch","line":2,"loc":{"start":{"line":2,"column":-1},"end":{"line":12,"column":2}},"locations":[{"start":{"line":2,"column":-1},"end":{"line":12,"column":2}}]},"1":{"type":"branch","line":3,"loc":{"start":{"line":3,"column":15},"end":{"line":3,"column":27}},"locations":[{"start":{"line":3,"column":15},"end":{"line":3,"column":27}}]},"2":{"type":"branch","line":3,"loc":{"start":{"line":3,"column":28},"end":{"line":3,"column":41}},"locations":[{"start":{"line":3,"column":28},"end":{"line":3,"column":41}}]},"3":{"type":"branch","line":3,"loc":{"start":{"line":3,"column":42},"end":{"line":3,"column":55}},"locations":[{"start":{"line":3,"column":42},"end":{"line":3,"column":55}}]},"4":{"type":"branch","line":3,"loc":{"start":{"line":3,"column":56},"end":{"line":5,"column":3}},"locations":[{"start":{"line":3,"column":56},"end":{"line":5,"column":3}}]},"5":{"type":"branch","line":5,"loc":{"start":{"line":5,"column":3},"end":{"line":12,"column":2}},"locations":[{"start":{"line":5,"column":3},"end":{"line":12,"column":2}}]},"6":{"type":"branch","line":5,"loc":{"start":{"line":5,"column":3},"end":{"line":9,"column":2}},"locations":[{"start":{"line":5,"column":3},"end":{"line":9,"column":2}}]},"7":{"type":"branch","line":5,"loc":{"start":{"line":5,"column":3},"end":{"line":7,"column":17}},"locations":[{"start":{"line":5,"column":3},"end":{"line":7,"column":17}}]},"8":{"type":"branch","line":7,"loc":{"start":{"line":7,"column":17},"end":{"line":9,"column":2}},"locations":[{"start":{"line":7,"column":17},"end":{"line":9,"column":2}}]},"9":{"type":"branch","line":10,"loc":{"start":{"line":10,"column":-1},"end":{"line":12,"column":2}},"locations":[{"start":{"line":10,"column":-1},"end":{"line":12,"column":2}}]}},"b":{"0":[33],"1":[30],"2":[29],"3":[11],"4":[23],"5":[14],"6":[13],"7":[10],"8":[6],"9":[4]},"fnMap":{"0":{"name":"max_enc","decl":{"start":{"line":2,"column":-1},"end":{"line":12,"column":2}},"loc":{"start":{"line":2,"column":-1},"end":{"line":12,"column":2}},"line":2}},"f":{"0":33}}
,"/home/scooter/Projects/rqg-attributes/src/lib/modifier.js": {"path":"/home/scooter/Projects/rqg-attributes/src/lib/modifier.js","all":false,"statementMap":{"0":{"start":{"line":1,"column":0},"end":{"line":1,"column":74}},"1":{"start":{"line":2,"column":0},"end":{"line":2,"column":22}},"2":{"start":{"line":3,"column":0},"end":{"line":3,"column":16}},"3":{"start":{"line":4,"column":0},"end":{"line":4,"column":45}},"4":{"start":{"line":5,"column":0},"end":{"line":5,"column":2}},"5":{"start":{"line":6,"column":0},"end":{"line":6,"column":27}},"6":{"start":{"line":7,"column":0},"end":{"line":7,"column":0}},"7":{"start":{"line":8,"column":0},"end":{"line":8,"column":23}},"8":{"start":{"line":9,"column":0},"end":{"line":9,"column":0}},"9":{"start":{"line":10,"column":0},"end":{"line":10,"column":43}},"10":{"start":{"line":11,"column":0},"end":{"line":11,"column":26}},"11":{"start":{"line":12,"column":0},"end":{"line":12,"column":35}},"12":{"start":{"line":13,"column":0},"end":{"line":13,"column":20}},"13":{"start":{"line":14,"column":0},"end":{"line":14,"column":3}},"14":{"start":{"line":15,"column":0},"end":{"line":15,"column":0}},"15":{"start":{"line":16,"column":0},"end":{"line":16,"column":64}},"16":{"start":{"line":17,"column":0},"end":{"line":17,"column":1}}},"s":{"0":1,"1":216,"2":216,"3":216,"4":216,"5":216,"6":216,"7":216,"8":216,"9":216,"10":38,"11":213,"12":26,"13":26,"14":216,"15":216,"16":216},"branchMap":{"0":{"type":"branch","line":2,"loc":{"start":{"line":2,"column":-1},"end":{"line":17,"column":1}},"locations":[{"start":{"line":2,"column":-1},"end":{"line":17,"column":1}}]},"1":{"type":"branch","line":6,"loc":{"start":{"line":6,"column":12},"end":{"line":6,"column":27}},"locations":[{"start":{"line":6,"column":12},"end":{"line":6,"column":27}}]},"2":{"type":"branch","line":8,"loc":{"start":{"line":8,"column":15},"end":{"line":8,"column":23}},"locations":[{"start":{"line":8,"column":15},"end":{"line":8,"column":23}}]},"3":{"type":"branch","line":10,"loc":{"start":{"line":10,"column":12},"end":{"line":10,"column":26}},"locations":[{"start":{"line":10,"column":12},"end":{"line":10,"column":26}}]},"4":{"type":"branch","line":10,"loc":{"start":{"line":10,"column":27},"end":{"line":10,"column":41}},"locations":[{"start":{"line":10,"column":27},"end":{"line":10,"column":41}}]},"5":{"type":"branch","line":10,"loc":{"start":{"line":10,"column":42},"end":{"line":14,"column":3}},"locations":[{"start":{"line":10,"column":42},"end":{"line":14,"column":3}}]},"6":{"type":"branch","line":10,"loc":{"start":{"line":10,"column":42},"end":{"line":12,"column":3}},"locations":[{"start":{"line":10,"column":42},"end":{"line":12,"column":3}}]},"7":{"type":"branch","line":12,"loc":{"start":{"line":12,"column":3},"end":{"line":14,"column":3}},"locations":[{"start":{"line":12,"column":3},"end":{"line":14,"column":3}}]},"8":{"type":"branch","line":12,"loc":{"start":{"line":12,"column":19},"end":{"line":12,"column":33}},"locations":[{"start":{"line":12,"column":19},"end":{"line":12,"column":33}}]},"9":{"type":"branch","line":12,"loc":{"start":{"line":12,"column":34},"end":{"line":14,"column":3}},"locations":[{"start":{"line":12,"column":34},"end":{"line":14,"column":3}}]}},"b":{"0":[216],"1":[103],"2":[167],"3":[113],"4":[64],"5":[213],"6":[38],"7":[178],"8":[75],"9":[26]},"fnMap":{"0":{"name":"modifier","decl":{"start":{"line":2,"column":-1},"end":{"line":17,"column":1}},"loc":{"start":{"line":2,"column":-1},"end":{"line":17,"column":1}},"line":2}},"f":{"0":216}}
,"/home/scooter/Projects/rqg-attributes/src/lib/siz_sr.js": {"path":"/home/scooter/Projects/rqg-attributes/src/lib/siz_sr.js","all":false,"statementMap":{"0":{"start":{"line":1,"column":0},"end":{"line":1,"column":32}},"1":{"start":{"line":2,"column":0},"end":{"line":2,"column":2}},"2":{"start":{"line":3,"column":0},"end":{"line":3,"column":15}},"3":{"start":{"line":4,"column":0},"end":{"line":4,"column":13}},"4":{"start":{"line":5,"column":0},"end":{"line":5,"column":24}},"5":{"start":{"line":6,"column":0},"end":{"line":6,"column":13}},"6":{"start":{"line":7,"column":0},"end":{"line":7,"column":23}},"7":{"start":{"line":8,"column":0},"end":{"line":8,"column":13}},"8":{"start":{"line":9,"column":0},"end":{"line":9,"column":10}},"9":{"start":{"line":10,"column":0},"end":{"line":10,"column":13}},"10":{"start":{"line":11,"column":0},"end":{"line":11,"column":3}},"11":{"start":{"line":12,"column":0},"end":{"line":12,"column":1}}},"s":{"0":1,"1":42,"2":42,"3":6,"4":42,"5":8,"6":36,"7":7,"8":28,"9":21,"10":21,"11":42},"branchMap":{"0":{"type":"branch","line":2,"loc":{"start":{"line":2,"column":-1},"end":{"line":12,"column":1}},"locations":[{"start":{"line":2,"column":-1},"end":{"line":12,"column":1}}]},"1":{"type":"branch","line":3,"loc":{"start":{"line":3,"column":14},"end":{"line":5,"column":3}},"locations":[{"start":{"line":3,"column":14},"end":{"line":5,"column":3}}]},"2":{"type":"branch","line":5,"loc":{"start":{"line":5,"column":3},"end":{"line":11,"column":3}},"locations":[{"start":{"line":5,"column":3},"end":{"line":11,"column":3}}]},"3":{"type":"branch","line":5,"loc":{"start":{"line":5,"column":23},"end":{"line":7,"column":3}},"locations":[{"start":{"line":5,"column":23},"end":{"line":7,"column":3}}]},"4":{"type":"branch","line":7,"loc":{"start":{"line":7,"column":3},"end":{"line":11,"column":3}},"locations":[{"start":{"line":7,"column":3},"end":{"line":11,"column":3}}]},"5":{"type":"branch","line":7,"loc":{"start":{"line":7,"column":22},"end":{"line":9,"column":3}},"locations":[{"start":{"line":7,"column":22},"end":{"line":9,"column":3}}]},"6":{"type":"branch","line":9,"loc":{"start":{"line":9,"column":3},"end":{"line":11,"column":3}},"locations":[{"start":{"line":9,"column":3},"end":{"line":11,"column":3}}]}},"b":{"0":[42],"1":[6],"2":[36],"3":[8],"4":[28],"5":[7],"6":[21]},"fnMap":{"0":{"name":"siz_sr","decl":{"start":{"line":2,"column":-1},"end":{"line":12,"column":1}},"loc":{"start":{"line":2,"column":-1},"end":{"line":12,"column":1}},"line":2}},"f":{"0":42}}
,"/home/scooter/Projects/rqg-attributes/src/lib/skillBonus.js": {"path":"/home/scooter/Projects/rqg-attributes/src/lib/skillBonus.js","all":false,"statementMap":{"0":{"start":{"line":1,"column":0},"end":{"line":1,"column":41}},"1":{"start":{"line":2,"column":0},"end":{"line":2,"column":0}},"2":{"start":{"line":3,"column":0},"end":{"line":3,"column":27}},"3":{"start":{"line":4,"column":0},"end":{"line":4,"column":15}},"4":{"start":{"line":5,"column":0},"end":{"line":5,"column":68}},"5":{"start":{"line":6,"column":0},"end":{"line":6,"column":3}},"6":{"start":{"line":7,"column":0},"end":{"line":7,"column":16}},"7":{"start":{"line":8,"column":0},"end":{"line":8,"column":0}},"8":{"start":{"line":9,"column":0},"end":{"line":9,"column":25}},"9":{"start":{"line":10,"column":0},"end":{"line":10,"column":17}},"10":{"start":{"line":11,"column":0},"end":{"line":11,"column":7}},"11":{"start":{"line":12,"column":0},"end":{"line":12,"column":16}},"12":{"start":{"line":13,"column":0},"end":{"line":13,"column":16}},"13":{"start":{"line":14,"column":0},"end":{"line":14,"column":16}},"14":{"start":{"line":15,"column":0},"end":{"line":15,"column":16}},"15":{"start":{"line":16,"column":0},"end":{"line":16,"column":17}},"16":{"start":{"line":17,"column":0},"end":{"line":17,"column":17}},"17":{"start":{"line":18,"column":0},"end":{"line":18,"column":17}},"18":{"start":{"line":19,"column":0},"end":{"line":19,"column":14}},"19":{"start":{"line":20,"column":0},"end":{"line":20,"column":6}},"20":{"start":{"line":21,"column":0},"end":{"line":21,"column":20}},"21":{"start":{"line":22,"column":0},"end":{"line":22,"column":11}},"22":{"start":{"line":23,"column":0},"end":{"line":23,"column":16}},"23":{"start":{"line":24,"column":0},"end":{"line":24,"column":36}},"24":{"start":{"line":25,"column":0},"end":{"line":25,"column":37}},"25":{"start":{"line":26,"column":0},"end":{"line":26,"column":35}},"26":{"start":{"line":27,"column":0},"end":{"line":27,"column":35}},"27":{"start":{"line":28,"column":0},"end":{"line":28,"column":4}},"28":{"start":{"line":29,"column":0},"end":{"line":29,"column":9}},"29":{"start":{"line":30,"column":0},"end":{"line":30,"column":23}},"30":{"start":{"line":31,"column":0},"end":{"line":31,"column":7}},"31":{"start":{"line":32,"column":0},"end":{"line":32,"column":16}},"32":{"start":{"line":33,"column":0},"end":{"line":33,"column":16}},"33":{"start":{"line":34,"column":0},"end":{"line":34,"column":16}},"34":{"start":{"line":35,"column":0},"end":{"line":35,"column":17}},"35":{"start":{"line":36,"column":0},"end":{"line":36,"column":17}},"36":{"start":{"line":37,"column":0},"end":{"line":37,"column":14}},"37":{"start":{"line":38,"column":0},"end":{"line":38,"column":6}},"38":{"start":{"line":39,"column":0},"end":{"line":39,"column":20}},"39":{"start":{"line":40,"column":0},"end":{"line":40,"column":11}},"40":{"start":{"line":41,"column":0},"end":{"line":41,"column":16}},"41":{"start":{"line":42,"column":0},"end":{"line":42,"column":36}},"42":{"start":{"line":43,"column":0},"end":{"line":43,"column":35}},"43":{"start":{"line":44,"column":0},"end":{"line":44,"column":35}},"44":{"start":{"line":45,"column":0},"end":{"line":45,"column":4}},"45":{"start":{"line":46,"column":0},"end":{"line":46,"column":9}},"46":{"start":{"line":47,"column":0},"end":{"line":47,"column":15}},"47":{"start":{"line":48,"column":0},"end":{"line":48,"column":7}},"48":{"start":{"line":49,"column":0},"end":{"line":49,"column":16}},"49":{"start":{"line":50,"column":0},"end":{"line":50,"column":16}},"50":{"start":{"line":51,"column":0},"end":{"line":51,"column":17}},"51":{"start":{"line":52,"column":0},"end":{"line":52,"column":14}},"52":{"start":{"line":53,"column":0},"end":{"line":53,"column":6}},"53":{"start":{"line":54,"column":0},"end":{"line":54,"column":20}},"54":{"start":{"line":55,"column":0},"end":{"line":55,"column":11}},"55":{"start":{"line":56,"column":0},"end":{"line":56,"column":16}},"56":{"start":{"line":57,"column":0},"end":{"line":57,"column":35}},"57":{"start":{"line":58,"column":0},"end":{"line":58,"column":35}},"58":{"start":{"line":59,"column":0},"end":{"line":59,"column":4}},"59":{"start":{"line":60,"column":0},"end":{"line":60,"column":9}},"60":{"start":{"line":61,"column":0},"end":{"line":61,"column":19}},"61":{"start":{"line":62,"column":0},"end":{"line":62,"column":7}},"62":{"start":{"line":63,"column":0},"end":{"line":63,"column":16}},"63":{"start":{"line":64,"column":0},"end":{"line":64,"column":16}},"64":{"start":{"line":65,"column":0},"end":{"line":65,"column":17}},"65":{"start":{"line":66,"column":0},"end":{"line":66,"column":14}},"66":{"start":{"line":67,"column":0},"end":{"line":67,"column":6}},"67":{"start":{"line":68,"column":0},"end":{"line":68,"column":20}},"68":{"start":{"line":69,"column":0},"end":{"line":69,"column":11}},"69":{"start":{"line":70,"column":0},"end":{"line":70,"column":16}},"70":{"start":{"line":71,"column":0},"end":{"line":71,"column":36}},"71":{"start":{"line":72,"column":0},"end":{"line":72,"column":34}},"72":{"start":{"line":73,"column":0},"end":{"line":73,"column":4}},"73":{"start":{"line":74,"column":0},"end":{"line":74,"column":9}},"74":{"start":{"line":75,"column":0},"end":{"line":75,"column":20}},"75":{"start":{"line":76,"column":0},"end":{"line":76,"column":7}},"76":{"start":{"line":77,"column":0},"end":{"line":77,"column":16}},"77":{"start":{"line":78,"column":0},"end":{"line":78,"column":16}},"78":{"start":{"line":79,"column":0},"end":{"line":79,"column":17}},"79":{"start":{"line":80,"column":0},"end":{"line":80,"column":14}},"80":{"start":{"line":81,"column":0},"end":{"line":81,"column":6}},"81":{"start":{"line":82,"column":0},"end":{"line":82,"column":20}},"82":{"start":{"line":83,"column":0},"end":{"line":83,"column":11}},"83":{"start":{"line":84,"column":0},"end":{"line":84,"column":16}},"84":{"start":{"line":85,"column":0},"end":{"line":85,"column":36}},"85":{"start":{"line":86,"column":0},"end":{"line":86,"column":34}},"86":{"start":{"line":87,"column":0},"end":{"line":87,"column":4}},"87":{"start":{"line":88,"column":0},"end":{"line":88,"column":9}},"88":{"start":{"line":89,"column":0},"end":{"line":89,"column":17}},"89":{"start":{"line":90,"column":0},"end":{"line":90,"column":7}},"90":{"start":{"line":91,"column":0},"end":{"line":91,"column":16}},"91":{"start":{"line":92,"column":0},"end":{"line":92,"column":16}},"92":{"start":{"line":93,"column":0},"end":{"line":93,"column":16}},"93":{"start":{"line":94,"column":0},"end":{"line":94,"column":16}},"94":{"start":{"line":95,"column":0},"end":{"line":95,"column":17}},"95":{"start":{"line":96,"column":0},"end":{"line":96,"column":17}},"96":{"start":{"line":97,"column":0},"end":{"line":97,"column":17}},"97":{"start":{"line":98,"column":0},"end":{"line":98,"column":14}},"98":{"start":{"line":99,"column":0},"end":{"line":99,"column":6}},"99":{"start":{"line":100,"column":0},"end":{"line":100,"column":20}},"100":{"start":{"line":101,"column":0},"end":{"line":101,"column":11}},"101":{"start":{"line":102,"column":0},"end":{"line":102,"column":16}},"102":{"start":{"line":103,"column":0},"end":{"line":103,"column":35}},"103":{"start":{"line":104,"column":0},"end":{"line":104,"column":36}},"104":{"start":{"line":105,"column":0},"end":{"line":105,"column":35}},"105":{"start":{"line":106,"column":0},"end":{"line":106,"column":36}},"106":{"start":{"line":107,"column":0},"end":{"line":107,"column":4}},"107":{"start":{"line":108,"column":0},"end":{"line":108,"column":9}},"108":{"start":{"line":109,"column":0},"end":{"line":109,"column":10}},"109":{"start":{"line":110,"column":0},"end":{"line":110,"column":7}},"110":{"start":{"line":111,"column":0},"end":{"line":111,"column":16}},"111":{"start":{"line":112,"column":0},"end":{"line":112,"column":16}},"112":{"start":{"line":113,"column":0},"end":{"line":113,"column":16}},"113":{"start":{"line":114,"column":0},"end":{"line":114,"column":16}},"114":{"start":{"line":115,"column":0},"end":{"line":115,"column":17}},"115":{"start":{"line":116,"column":0},"end":{"line":116,"column":17}},"116":{"start":{"line":117,"column":0},"end":{"line":117,"column":17}},"117":{"start":{"line":118,"column":0},"end":{"line":118,"column":14}},"118":{"start":{"line":119,"column":0},"end":{"line":119,"column":6}},"119":{"start":{"line":120,"column":0},"end":{"line":120,"column":20}},"120":{"start":{"line":121,"column":0},"end":{"line":121,"column":11}},"121":{"start":{"line":122,"column":0},"end":{"line":122,"column":16}},"122":{"start":{"line":123,"column":0},"end":{"line":123,"column":36}},"123":{"start":{"line":124,"column":0},"end":{"line":124,"column":35}},"124":{"start":{"line":125,"column":0},"end":{"line":125,"column":35}},"125":{"start":{"line":126,"column":0},"end":{"line":126,"column":35}},"126":{"start":{"line":127,"column":0},"end":{"line":127,"column":4}},"127":{"start":{"line":128,"column":0},"end":{"line":128,"column":9}},"128":{"start":{"line":129,"column":0},"end":{"line":129,"column":2}},"129":{"start":{"line":130,"column":0},"end":{"line":130,"column":19}},"130":{"start":{"line":131,"column":0},"end":{"line":131,"column":1}}},"s":{"0":1,"1":1,"2":1,"3":291,"4":291,"5":291,"6":291,"7":291,"8":291,"9":291,"10":31,"11":31,"12":31,"13":31,"14":31,"15":31,"16":31,"17":31,"18":5,"19":31,"20":26,"21":31,"22":5,"23":5,"24":5,"25":5,"26":5,"27":5,"28":31,"29":291,"30":26,"31":26,"32":26,"33":26,"34":26,"35":26,"36":0,"37":26,"38":26,"39":26,"40":0,"41":0,"42":0,"43":0,"44":0,"45":26,"46":291,"47":26,"48":26,"49":26,"50":26,"51":0,"52":26,"53":26,"54":26,"55":0,"56":0,"57":0,"58":0,"59":26,"60":291,"61":26,"62":26,"63":26,"64":26,"65":0,"66":26,"67":26,"68":26,"69":0,"70":0,"71":0,"72":0,"73":26,"74":291,"75":26,"76":26,"77":26,"78":26,"79":0,"80":26,"81":26,"82":26,"83":0,"84":0,"85":0,"86":0,"87":26,"88":291,"89":26,"90":26,"91":26,"92":26,"93":26,"94":26,"95":26,"96":26,"97":0,"98":26,"99":26,"100":26,"101":0,"102":0,"103":0,"104":0,"105":0,"106":0,"107":26,"108":291,"109":130,"110":130,"111":130,"112":130,"113":130,"114":130,"115":130,"116":130,"117":0,"118":130,"119":130,"120":130,"121":0,"122":0,"123":0,"124":0,"125":0,"126":0,"127":130,"128":291,"129":291,"130":291},"branchMap":{"0":{"type":"branch","line":3,"loc":{"start":{"line":3,"column":7},"end":{"line":131,"column":1}},"locations":[{"start":{"line":3,"column":7},"end":{"line":131,"column":1}}]},"1":{"type":"branch","line":10,"loc":{"start":{"line":10,"column":2},"end":{"line":29,"column":9}},"locations":[{"start":{"line":10,"column":2},"end":{"line":29,"column":9}}]},"2":{"type":"branch","line":12,"loc":{"start":{"line":12,"column":14},"end":{"line":13,"column":13}},"locations":[{"start":{"line":12,"column":14},"end":{"line":13,"column":13}}]},"3":{"type":"branch","line":13,"loc":{"start":{"line":13,"column":14},"end":{"line":14,"column":13}},"locations":[{"start":{"line":13,"column":14},"end":{"line":14,"column":13}}]},"4":{"type":"branch","line":14,"loc":{"start":{"line":14,"column":14},"end":{"line":15,"column":13}},"locations":[{"start":{"line":14,"column":14},"end":{"line":15,"column":13}}]},"5":{"type":"branch","line":15,"loc":{"start":{"line":15,"column":14},"end":{"line":16,"column":14}},"locations":[{"start":{"line":15,"column":14},"end":{"line":16,"column":14}}]},"6":{"type":"branch","line":16,"loc":{"start":{"line":16,"column":15},"end":{"line":17,"column":14}},"locations":[{"start":{"line":16,"column":15},"end":{"line":17,"column":14}}]},"7":{"type":"branch","line":17,"loc":{"start":{"line":17,"column":15},"end":{"line":18,"column":14}},"locations":[{"start":{"line":17,"column":15},"end":{"line":18,"column":14}}]},"8":{"type":"branch","line":18,"loc":{"start":{"line":18,"column":15},"end":{"line":19,"column":14}},"locations":[{"start":{"line":18,"column":15},"end":{"line":19,"column":14}}]},"9":{"type":"branch","line":20,"loc":{"start":{"line":20,"column":5},"end":{"line":22,"column":4}},"locations":[{"start":{"line":20,"column":5},"end":{"line":22,"column":4}}]},"10":{"type":"branch","line":22,"loc":{"start":{"line":22,"column":4},"end":{"line":28,"column":4}},"locations":[{"start":{"line":22,"column":4},"end":{"line":28,"column":4}}]},"11":{"type":"branch","line":30,"loc":{"start":{"line":30,"column":2},"end":{"line":46,"column":9}},"locations":[{"start":{"line":30,"column":2},"end":{"line":46,"column":9}}]},"12":{"type":"branch","line":32,"loc":{"start":{"line":32,"column":14},"end":{"line":33,"column":13}},"locations":[{"start":{"line":32,"column":14},"end":{"line":33,"column":13}}]},"13":{"type":"branch","line":33,"loc":{"start":{"line":33,"column":14},"end":{"line":34,"column":13}},"locations":[{"start":{"line":33,"column":14},"end":{"line":34,"column":13}}]},"14":{"type":"branch","line":34,"loc":{"start":{"line":34,"column":14},"end":{"line":35,"column":14}},"locations":[{"start":{"line":34,"column":14},"end":{"line":35,"column":14}}]},"15":{"type":"branch","line":35,"loc":{"start":{"line":35,"column":15},"end":{"line":36,"column":14}},"locations":[{"start":{"line":35,"column":15},"end":{"line":36,"column":14}}]},"16":{"type":"branch","line":36,"loc":{"start":{"line":36,"column":15},"end":{"line":37,"column":14}},"locations":[{"start":{"line":36,"column":15},"end":{"line":37,"column":14}}]},"17":{"type":"branch","line":40,"loc":{"start":{"line":40,"column":4},"end":{"line":45,"column":4}},"locations":[{"start":{"line":40,"column":4},"end":{"line":45,"column":4}}]},"18":{"type":"branch","line":47,"loc":{"start":{"line":47,"column":2},"end":{"line":60,"column":9}},"locations":[{"start":{"line":47,"column":2},"end":{"line":60,"column":9}}]},"19":{"type":"branch","line":49,"loc":{"start":{"line":49,"column":14},"end":{"line":50,"column":13}},"locations":[{"start":{"line":49,"column":14},"end":{"line":50,"column":13}}]},"20":{"type":"branch","line":50,"loc":{"start":{"line":50,"column":14},"end":{"line":51,"column":14}},"locations":[{"start":{"line":50,"column":14},"end":{"line":51,"column":14}}]},"21":{"type":"branch","line":51,"loc":{"start":{"line":51,"column":15},"end":{"line":52,"column":14}},"locations":[{"start":{"line":51,"column":15},"end":{"line":52,"column":14}}]},"22":{"type":"branch","line":55,"loc":{"start":{"line":55,"column":4},"end":{"line":59,"column":4}},"locations":[{"start":{"line":55,"column":4},"end":{"line":59,"column":4}}]},"23":{"type":"branch","line":61,"loc":{"start":{"line":61,"column":2},"end":{"line":74,"column":9}},"locations":[{"start":{"line":61,"column":2},"end":{"line":74,"column":9}}]},"24":{"type":"branch","line":63,"loc":{"start":{"line":63,"column":14},"end":{"line":64,"column":13}},"locations":[{"start":{"line":63,"column":14},"end":{"line":64,"column":13}}]},"25":{"type":"branch","line":64,"loc":{"start":{"line":64,"column":14},"end":{"line":65,"column":14}},"locations":[{"start":{"line":64,"column":14},"end":{"line":65,"column":14}}]},"26":{"type":"branch","line":65,"loc":{"start":{"line":65,"column":15},"end":{"line":66,"column":14}},"locations":[{"start":{"line":65,"column":15},"end":{"line":66,"column":14}}]},"27":{"type":"branch","line":69,"loc":{"start":{"line":69,"column":4},"end":{"line":73,"column":4}},"locations":[{"start":{"line":69,"column":4},"end":{"line":73,"column":4}}]},"28":{"type":"branch","line":75,"loc":{"start":{"line":75,"column":2},"end":{"line":88,"column":9}},"locations":[{"start":{"line":75,"column":2},"end":{"line":88,"column":9}}]},"29":{"type":"branch","line":77,"loc":{"start":{"line":77,"column":14},"end":{"line":78,"column":13}},"locations":[{"start":{"line":77,"column":14},"end":{"line":78,"column":13}}]},"30":{"type":"branch","line":78,"loc":{"start":{"line":78,"column":14},"end":{"line":79,"column":14}},"locations":[{"start":{"line":78,"column":14},"end":{"line":79,"column":14}}]},"31":{"type":"branch","line":79,"loc":{"start":{"line":79,"column":15},"end":{"line":80,"column":14}},"locations":[{"start":{"line":79,"column":15},"end":{"line":80,"column":14}}]},"32":{"type":"branch","line":83,"loc":{"start":{"line":83,"column":4},"end":{"line":87,"column":4}},"locations":[{"start":{"line":83,"column":4},"end":{"line":87,"column":4}}]},"33":{"type":"branch","line":89,"loc":{"start":{"line":89,"column":2},"end":{"line":108,"column":9}},"locations":[{"start":{"line":89,"column":2},"end":{"line":108,"column":9}}]},"34":{"type":"branch","line":91,"loc":{"start":{"line":91,"column":14},"end":{"line":92,"column":13}},"locations":[{"start":{"line":91,"column":14},"end":{"line":92,"column":13}}]},"35":{"type":"branch","line":92,"loc":{"start":{"line":92,"column":14},"end":{"line":93,"column":13}},"locations":[{"start":{"line":92,"column":14},"end":{"line":93,"column":13}}]},"36":{"type":"branch","line":93,"loc":{"start":{"line":93,"column":14},"end":{"line":94,"column":13}},"locations":[{"start":{"line":93,"column":14},"end":{"line":94,"column":13}}]},"37":{"type":"branch","line":94,"loc":{"start":{"line":94,"column":14},"end":{"line":95,"column":14}},"locations":[{"start":{"line":94,"column":14},"end":{"line":95,"column":14}}]},"38":{"type":"branch","line":95,"loc":{"start":{"line":95,"column":15},"end":{"line":96,"column":14}},"locations":[{"start":{"line":95,"column":15},"end":{"line":96,"column":14}}]},"39":{"type":"branch","line":96,"loc":{"start":{"line":96,"column":15},"end":{"line":97,"column":14}},"locations":[{"start":{"line":96,"column":15},"end":{"line":97,"column":14}}]},"40":{"type":"branch","line":97,"loc":{"start":{"line":97,"column":15},"end":{"line":98,"column":14}},"locations":[{"start":{"line":97,"column":15},"end":{"line":98,"column":14}}]},"41":{"type":"branch","line":101,"loc":{"start":{"line":101,"column":4},"end":{"line":107,"column":4}},"locations":[{"start":{"line":101,"column":4},"end":{"line":107,"column":4}}]},"42":{"type":"branch","line":109,"loc":{"start":{"line":109,"column":2},"end":{"line":128,"column":9}},"locations":[{"start":{"line":109,"column":2},"end":{"line":128,"column":9}}]},"43":{"type":"branch","line":111,"loc":{"start":{"line":111,"column":14},"end":{"line":112,"column":13}},"locations":[{"start":{"line":111,"column":14},"end":{"line":112,"column":13}}]},"44":{"type":"branch","line":112,"loc":{"start":{"line":112,"column":14},"end":{"line":113,"column":13}},"locations":[{"start":{"line":112,"column":14},"end":{"line":113,"column":13}}]},"45":{"type":"branch","line":113,"loc":{"start":{"line":113,"column":14},"end":{"line":114,"column":13}},"locations":[{"start":{"line":113,"column":14},"end":{"line":114,"column":13}}]},"46":{"type":"branch","line":114,"loc":{"start":{"line":114,"column":14},"end":{"line":115,"column":14}},"locations":[{"start":{"line":114,"column":14},"end":{"line":115,"column":14}}]},"47":{"type":"branch","line":115,"loc":{"start":{"line":115,"column":15},"end":{"line":116,"column":14}},"locations":[{"start":{"line":115,"column":15},"end":{"line":116,"column":14}}]},"48":{"type":"branch","line":116,"loc":{"start":{"line":116,"column":15},"end":{"line":117,"column":14}},"locations":[{"start":{"line":116,"column":15},"end":{"line":117,"column":14}}]},"49":{"type":"branch","line":117,"loc":{"start":{"line":117,"column":15},"end":{"line":118,"column":14}},"locations":[{"start":{"line":117,"column":15},"end":{"line":118,"column":14}}]},"50":{"type":"branch","line":121,"loc":{"start":{"line":121,"column":4},"end":{"line":127,"column":4}},"locations":[{"start":{"line":121,"column":4},"end":{"line":127,"column":4}}]}},"b":{"0":[291],"1":[31],"2":[7],"3":[5],"4":[5],"5":[5],"6":[5],"7":[5],"8":[5],"9":[26],"10":[5],"11":[26],"12":[2],"13":[0],"14":[0],"15":[0],"16":[0],"17":[0],"18":[26],"19":[2],"20":[0],"21":[0],"22":[0],"23":[26],"24":[2],"25":[0],"26":[0],"27":[0],"28":[26],"29":[2],"30":[0],"31":[0],"32":[0],"33":[26],"34":[2],"35":[0],"36":[0],"37":[0],"38":[0],"39":[0],"40":[0],"41":[0],"42":[130],"43":[10],"44":[0],"45":[0],"46":[0],"47":[0],"48":[0],"49":[0],"50":[0]},"fnMap":{"0":{"name":"skillBonus","decl":{"start":{"line":3,"column":7},"end":{"line":131,"column":1}},"loc":{"start":{"line":3,"column":7},"end":{"line":131,"column":1}},"line":3}},"f":{"0":291}}
,"/home/scooter/Projects/rqg-attributes/src/lib/skillText.js": {"path":"/home/scooter/Projects/rqg-attributes/src/lib/skillText.js","all":false,"statementMap":{"0":{"start":{"line":1,"column":0},"end":{"line":1,"column":44}},"1":{"start":{"line":2,"column":0},"end":{"line":2,"column":51}},"2":{"start":{"line":3,"column":0},"end":{"line":3,"column":13}},"3":{"start":{"line":4,"column":0},"end":{"line":4,"column":10}},"4":{"start":{"line":5,"column":0},"end":{"line":5,"column":42}},"5":{"start":{"line":6,"column":0},"end":{"line":6,"column":21}},"6":{"start":{"line":7,"column":0},"end":{"line":7,"column":29}},"7":{"start":{"line":8,"column":0},"end":{"line":8,"column":29}},"8":{"start":{"line":9,"column":0},"end":{"line":9,"column":41}},"9":{"start":{"line":10,"column":0},"end":{"line":10,"column":38}},"10":{"start":{"line":11,"column":0},"end":{"line":11,"column":3}},"11":{"start":{"line":12,"column":0},"end":{"line":12,"column":2}}},"s":{"0":1,"1":304,"2":287,"3":304,"4":17,"5":17,"6":17,"7":17,"8":17,"9":17,"10":17,"11":304},"branchMap":{"0":{"type":"branch","line":2,"loc":{"start":{"line":2,"column":-1},"end":{"line":12,"column":2}},"locations":[{"start":{"line":2,"column":-1},"end":{"line":12,"column":2}}]},"1":{"type":"branch","line":2,"loc":{"start":{"line":2,"column":26},"end":{"line":2,"column":48}},"locations":[{"start":{"line":2,"column":26},"end":{"line":2,"column":48}}]},"2":{"type":"branch","line":2,"loc":{"start":{"line":2,"column":50},"end":{"line":4,"column":3}},"locations":[{"start":{"line":2,"column":50},"end":{"line":4,"column":3}}]},"3":{"type":"branch","line":4,"loc":{"start":{"line":4,"column":3},"end":{"line":11,"column":3}},"locations":[{"start":{"line":4,"column":3},"end":{"line":11,"column":3}}]}},"b":{"0":[304],"1":[303],"2":[287],"3":[17]},"fnMap":{"0":{"name":"skillText","decl":{"start":{"line":2,"column":-1},"end":{"line":12,"column":2}},"loc":{"start":{"line":2,"column":-1},"end":{"line":12,"column":2}},"line":2}},"f":{"0":304}}
,"/home/scooter/Projects/rqg-attributes/src/lib/spirit_dmg.js": {"path":"/home/scooter/Projects/rqg-attributes/src/lib/spirit_dmg.js","all":false,"statementMap":{"0":{"start":{"line":1,"column":0},"end":{"line":1,"column":40}},"1":{"start":{"line":2,"column":0},"end":{"line":2,"column":2}},"2":{"start":{"line":3,"column":0},"end":{"line":3,"column":57}},"3":{"start":{"line":4,"column":0},"end":{"line":4,"column":13}},"4":{"start":{"line":5,"column":0},"end":{"line":5,"column":4}},"5":{"start":{"line":6,"column":0},"end":{"line":6,"column":0}},"6":{"start":{"line":7,"column":0},"end":{"line":7,"column":28}},"7":{"start":{"line":8,"column":0},"end":{"line":8,"column":0}},"8":{"start":{"line":9,"column":0},"end":{"line":9,"column":20}},"9":{"start":{"line":10,"column":0},"end":{"line":10,"column":17}},"10":{"start":{"line":11,"column":0},"end":{"line":11,"column":28}},"11":{"start":{"line":12,"column":0},"end":{"line":12,"column":17}},"12":{"start":{"line":13,"column":0},"end":{"line":13,"column":28}},"13":{"start":{"line":14,"column":0},"end":{"line":14,"column":19}},"14":{"start":{"line":15,"column":0},"end":{"line":15,"column":28}},"15":{"start":{"line":16,"column":0},"end":{"line":16,"column":19}},"16":{"start":{"line":17,"column":0},"end":{"line":17,"column":28}},"17":{"start":{"line":18,"column":0},"end":{"line":18,"column":19}},"18":{"start":{"line":19,"column":0},"end":{"line":19,"column":10}},"19":{"start":{"line":20,"column":0},"end":{"line":20,"column":49}},"20":{"start":{"line":21,"column":0},"end":{"line":21,"column":35}},"21":{"start":{"line":22,"column":0},"end":{"line":22,"column":3}},"22":{"start":{"line":23,"column":0},"end":{"line":23,"column":1}}},"s":{"0":1,"1":35,"2":35,"3":21,"4":35,"5":14,"6":14,"7":14,"8":16,"9":1,"10":16,"11":1,"12":13,"13":4,"14":12,"15":2,"16":8,"17":2,"18":6,"19":4,"20":4,"21":4,"22":35},"branchMap":{"0":{"type":"branch","line":2,"loc":{"start":{"line":2,"column":-1},"end":{"line":23,"column":1}},"locations":[{"start":{"line":2,"column":-1},"end":{"line":23,"column":1}}]},"1":{"type":"branch","line":3,"loc":{"start":{"line":3,"column":15},"end":{"line":3,"column":27}},"locations":[{"start":{"line":3,"column":15},"end":{"line":3,"column":27}}]},"2":{"type":"branch","line":3,"loc":{"start":{"line":3,"column":28},"end":{"line":3,"column":41}},"locations":[{"start":{"line":3,"column":28},"end":{"line":3,"column":41}}]},"3":{"type":"branch","line":3,"loc":{"start":{"line":3,"column":42},"end":{"line":3,"column":55}},"locations":[{"start":{"line":3,"column":42},"end":{"line":3,"column":55}}]},"4":{"type":"branch","line":3,"loc":{"start":{"line":3,"column":56},"end":{"line":5,"column":3}},"locations":[{"start":{"line":3,"column":56},"end":{"line":5,"column":3}}]},"5":{"type":"branch","line":5,"loc":{"start":{"line":5,"column":3},"end":{"line":22,"column":3}},"locations":[{"start":{"line":5,"column":3},"end":{"line":22,"column":3}}]},"6":{"type":"branch","line":5,"loc":{"start":{"line":5,"column":3},"end":{"line":9,"column":19}},"locations":[{"start":{"line":5,"column":3},"end":{"line":9,"column":19}}]},"7":{"type":"branch","line":9,"loc":{"start":{"line":9,"column":19},"end":{"line":11,"column":3}},"locations":[{"start":{"line":9,"column":19},"end":{"line":11,"column":3}}]},"8":{"type":"branch","line":11,"loc":{"start":{"line":11,"column":3},"end":{"line":22,"column":3}},"locations":[{"start":{"line":11,"column":3},"end":{"line":22,"column":3}}]},"9":{"type":"branch","line":11,"loc":{"start":{"line":11,"column":27},"end":{"line":13,"column":3}},"locations":[{"start":{"line":11,"column":27},"end":{"line":13,"column":3}}]},"10":{"type":"branch","line":13,"loc":{"start":{"line":13,"column":3},"end":{"line":22,"column":3}},"locations":[{"start":{"line":13,"column":3},"end":{"line":22,"column":3}}]},"11":{"type":"branch","line":13,"loc":{"start":{"line":13,"column":27},"end":{"line":15,"column":3}},"locations":[{"start":{"line":13,"column":27},"end":{"line":15,"column":3}}]},"12":{"type":"branch","line":15,"loc":{"start":{"line":15,"column":3},"end":{"line":22,"column":3}},"locations":[{"start":{"line":15,"column":3},"end":{"line":22,"column":3}}]},"13":{"type":"branch","line":15,"loc":{"start":{"line":15,"column":27},"end":{"line":17,"column":3}},"locations":[{"start":{"line":15,"column":27},"end":{"line":17,"column":3}}]},"14":{"type":"branch","line":17,"loc":{"start":{"line":17,"column":3},"end":{"line":22,"column":3}},"locations":[{"start":{"line":17,"column":3},"end":{"line":22,"column":3}}]},"15":{"type":"branch","line":17,"loc":{"start":{"line":17,"column":27},"end":{"line":19,"column":3}},"locations":[{"start":{"line":17,"column":27},"end":{"line":19,"column":3}}]},"16":{"type":"branch","line":19,"loc":{"start":{"line":19,"column":3},"end":{"line":22,"column":3}},"locations":[{"start":{"line":19,"column":3},"end":{"line":22,"column":3}}]}},"b":{"0":[35],"1":[34],"2":[34],"3":[16],"4":[21],"5":[16],"6":[14],"7":[1],"8":[13],"9":[1],"10":[12],"11":[4],"12":[8],"13":[2],"14":[6],"15":[2],"16":[4]},"fnMap":{"0":{"name":"spirit_dmg","decl":{"start":{"line":2,"column":-1},"end":{"line":23,"column":1}},"loc":{"start":{"line":2,"column":-1},"end":{"line":23,"column":1}},"line":2}},"f":{"0":35}}
,"/home/scooter/Projects/rqg-attributes/src/lib/components/Attributes.svelte": {"path":"/home/scooter/Projects/rqg-attributes/src/lib/components/Attributes.svelte","all":false,"statementMap":{"0":{"start":{"line":1,"column":0},"end":{"line":1,"column":8}},"1":{"start":{"line":2,"column":0},"end":{"line":2,"column":48}},"2":{"start":{"line":3,"column":0},"end":{"line":3,"column":36}},"3":{"start":{"line":4,"column":0},"end":{"line":4,"column":48}},"4":{"start":{"line":5,"column":0},"end":{"line":5,"column":36}},"5":{"start":{"line":6,"column":0},"end":{"line":6,"column":44}},"6":{"start":{"line":7,"column":0},"end":{"line":7,"column":38}},"7":{"start":{"line":8,"column":0},"end":{"line":8,"column":50}},"8":{"start":{"line":9,"column":0},"end":{"line":9,"column":0}},"9":{"start":{"line":10,"column":0},"end":{"line":10,"column":41}},"10":{"start":{"line":11,"column":0},"end":{"line":11,"column":9}},"11":{"start":{"line":12,"column":0},"end":{"line":12,"column":0}},"12":{"start":{"line":13,"column":0},"end":{"line":13,"column":24}},"13":{"start":{"line":14,"column":0},"end":{"line":14,"column":62}},"14":{"start":{"line":15,"column":0},"end":{"line":15,"column":62}},"15":{"start":{"line":16,"column":0},"end":{"line":16,"column":33}},"16":{"start":{"line":17,"column":0},"end":{"line":17,"column":58}},"17":{"start":{"line":18,"column":0},"end":{"line":18,"column":8}},"18":{"start":{"line":19,"column":0},"end":{"line":19,"column":31}},"19":{"start":{"line":20,"column":0},"end":{"line":20,"column":32}},"20":{"start":{"line":21,"column":0},"end":{"line":21,"column":8}},"21":{"start":{"line":22,"column":0},"end":{"line":22,"column":31}},"22":{"start":{"line":23,"column":0},"end":{"line":23,"column":32}},"23":{"start":{"line":24,"column":0},"end":{"line":24,"column":8}},"24":{"start":{"line":25,"column":0},"end":{"line":25,"column":33}},"25":{"start":{"line":26,"column":0},"end":{"line":26,"column":38}},"26":{"start":{"line":27,"column":0},"end":{"line":27,"column":8}},"27":{"start":{"line":28,"column":0},"end":{"line":28,"column":31}},"28":{"start":{"line":29,"column":0},"end":{"line":29,"column":76}},"29":{"start":{"line":30,"column":0},"end":{"line":30,"column":8}},"30":{"start":{"line":31,"column":0},"end":{"line":31,"column":31}},"31":{"start":{"line":32,"column":0},"end":{"line":32,"column":53}},"32":{"start":{"line":33,"column":0},"end":{"line":33,"column":8}},"33":{"start":{"line":34,"column":0},"end":{"line":34,"column":32}},"34":{"start":{"line":35,"column":0},"end":{"line":35,"column":59}},"35":{"start":{"line":36,"column":0},"end":{"line":36,"column":8}},"36":{"start":{"line":37,"column":0},"end":{"line":37,"column":7}},"37":{"start":{"line":38,"column":0},"end":{"line":38,"column":6}}},"s":{"0":1,"1":1,"2":1,"3":1,"4":1,"5":1,"6":1,"7":1,"8":1,"9":1,"10":1,"11":1,"12":1,"13":1,"14":1,"15":1,"16":1,"17":1,"18":1,"19":1,"20":1,"21":1,"22":1,"23":1,"24":1,"25":1,"26":1,"27":1,"28":1,"29":1,"30":1,"31":1,"32":1,"33":1,"34":1,"35":1,"36":1,"37":1},"branchMap":{"0":{"type":"branch","line":17,"loc":{"start":{"line":17,"column":21},"end":{"line":17,"column":41}},"locations":[{"start":{"line":17,"column":21},"end":{"line":17,"column":41}}]},"1":{"type":"branch","line":17,"loc":{"start":{"line":17,"column":41},"end":{"line":17,"column":58}},"locations":[{"start":{"line":17,"column":41},"end":{"line":17,"column":58}}]},"2":{"type":"branch","line":20,"loc":{"start":{"line":20,"column":15},"end":{"line":20,"column":32}},"locations":[{"start":{"line":20,"column":15},"end":{"line":20,"column":32}}]},"3":{"type":"branch","line":23,"loc":{"start":{"line":23,"column":15},"end":{"line":23,"column":32}},"locations":[{"start":{"line":23,"column":15},"end":{"line":23,"column":32}}]},"4":{"type":"branch","line":26,"loc":{"start":{"line":26,"column":21},"end":{"line":26,"column":38}},"locations":[{"start":{"line":26,"column":21},"end":{"line":26,"column":38}}]},"5":{"type":"branch","line":29,"loc":{"start":{"line":29,"column":19},"end":{"line":29,"column":39}},"locations":[{"start":{"line":29,"column":19},"end":{"line":29,"column":39}}]},"6":{"type":"branch","line":29,"loc":{"start":{"line":29,"column":39},"end":{"line":29,"column":59}},"locations":[{"start":{"line":29,"column":39},"end":{"line":29,"column":59}}]},"7":{"type":"branch","line":29,"loc":{"start":{"line":29,"column":59},"end":{"line":29,"column":76}},"locations":[{"start":{"line":29,"column":59},"end":{"line":29,"column":76}}]},"8":{"type":"branch","line":32,"loc":{"start":{"line":32,"column":16},"end":{"line":32,"column":36}},"locations":[{"start":{"line":32,"column":16},"end":{"line":32,"column":36}}]},"9":{"type":"branch","line":32,"loc":{"start":{"line":32,"column":36},"end":{"line":32,"column":53}},"locations":[{"start":{"line":32,"column":36},"end":{"line":32,"column":53}}]},"10":{"type":"branch","line":35,"loc":{"start":{"line":35,"column":22},"end":{"line":35,"column":42}},"locations":[{"start":{"line":35,"column":22},"end":{"line":35,"column":42}}]},"11":{"type":"branch","line":35,"loc":{"start":{"line":35,"column":42},"end":{"line":35,"column":59}},"locations":[{"start":{"line":35,"column":42},"end":{"line":35,"column":59}}]}},"b":{"0":[2],"1":[2],"2":[1],"3":[2],"4":[2],"5":[2],"6":[2],"7":[2],"8":[2],"9":[2],"10":[2],"11":[2]},"fnMap":{},"f":{}}
,"/home/scooter/Projects/rqg-attributes/src/lib/components/Bonus.svelte": {"path":"/home/scooter/Projects/rqg-attributes/src/lib/components/Bonus.svelte","all":false,"statementMap":{"0":{"start":{"line":1,"column":0},"end":{"line":1,"column":8}},"1":{"start":{"line":2,"column":0},"end":{"line":2,"column":47}},"2":{"start":{"line":3,"column":0},"end":{"line":3,"column":45}},"3":{"start":{"line":4,"column":0},"end":{"line":4,"column":0}},"4":{"start":{"line":5,"column":0},"end":{"line":5,"column":56}},"5":{"start":{"line":6,"column":0},"end":{"line":6,"column":0}},"6":{"start":{"line":7,"column":0},"end":{"line":7,"column":9}},"7":{"start":{"line":8,"column":0},"end":{"line":8,"column":0}},"8":{"start":{"line":9,"column":0},"end":{"line":9,"column":39}},"9":{"start":{"line":10,"column":0},"end":{"line":10,"column":61}},"10":{"start":{"line":11,"column":0},"end":{"line":11,"column":47}},"11":{"start":{"line":12,"column":0},"end":{"line":12,"column":10}},"12":{"start":{"line":13,"column":0},"end":{"line":13,"column":63}},"13":{"start":{"line":14,"column":0},"end":{"line":14,"column":100}},"14":{"start":{"line":15,"column":0},"end":{"line":15,"column":27}},"15":{"start":{"line":16,"column":0},"end":{"line":16,"column":12}},"16":{"start":{"line":17,"column":0},"end":{"line":17,"column":28}},"17":{"start":{"line":18,"column":0},"end":{"line":18,"column":89}},"18":{"start":{"line":19,"column":0},"end":{"line":19,"column":11}},"19":{"start":{"line":20,"column":0},"end":{"line":20,"column":10}},"20":{"start":{"line":21,"column":0},"end":{"line":21,"column":10}},"21":{"start":{"line":22,"column":0},"end":{"line":22,"column":9}}},"s":{"0":1,"1":1,"2":1,"3":1,"4":1,"5":1,"6":1,"7":1,"8":1,"9":1,"10":1,"11":1,"12":1,"13":1,"14":1,"15":1,"16":1,"17":1,"18":1,"19":1,"20":1,"21":1},"branchMap":{"0":{"type":"branch","line":11,"loc":{"start":{"line":11,"column":28},"end":{"line":11,"column":47}},"locations":[{"start":{"line":11,"column":28},"end":{"line":11,"column":47}}]}},"b":{"0":[0]},"fnMap":{},"f":{}}
,"/home/scooter/Projects/rqg-attributes/src/lib/components/Bonuses.svelte": {"path":"/home/scooter/Projects/rqg-attributes/src/lib/components/Bonuses.svelte","all":false,"statementMap":{"0":{"start":{"line":1,"column":0},"end":{"line":1,"column":8}},"1":{"start":{"line":2,"column":0},"end":{"line":2,"column":36}},"2":{"start":{"line":3,"column":0},"end":{"line":3,"column":47}},"3":{"start":{"line":4,"column":0},"end":{"line":4,"column":45}},"4":{"start":{"line":5,"column":0},"end":{"line":5,"column":0}},"5":{"start":{"line":6,"column":0},"end":{"line":6,"column":41}},"6":{"start":{"line":7,"column":0},"end":{"line":7,"column":0}},"7":{"start":{"line":8,"column":0},"end":{"line":8,"column":9}},"8":{"start":{"line":9,"column":0},"end":{"line":9,"column":0}},"9":{"start":{"line":10,"column":0},"end":{"line":10,"column":24}},"10":{"start":{"line":11,"column":0},"end":{"line":11,"column":65}},"11":{"start":{"line":12,"column":0},"end":{"line":12,"column":64}},"12":{"start":{"line":13,"column":0},"end":{"line":13,"column":24}},"13":{"start":{"line":14,"column":0},"end":{"line":14,"column":101}},"14":{"start":{"line":15,"column":0},"end":{"line":15,"column":8}},"15":{"start":{"line":16,"column":0},"end":{"line":16,"column":22}},"16":{"start":{"line":17,"column":0},"end":{"line":17,"column":99}},"17":{"start":{"line":18,"column":0},"end":{"line":18,"column":8}},"18":{"start":{"line":19,"column":0},"end":{"line":19,"column":22}},"19":{"start":{"line":20,"column":0},"end":{"line":20,"column":107}},"20":{"start":{"line":21,"column":0},"end":{"line":21,"column":8}},"21":{"start":{"line":22,"column":0},"end":{"line":22,"column":22}},"22":{"start":{"line":23,"column":0},"end":{"line":23,"column":107}},"23":{"start":{"line":24,"column":0},"end":{"line":24,"column":8}},"24":{"start":{"line":25,"column":0},"end":{"line":25,"column":22}},"25":{"start":{"line":26,"column":0},"end":{"line":26,"column":106}},"26":{"start":{"line":27,"column":0},"end":{"line":27,"column":8}},"27":{"start":{"line":28,"column":0},"end":{"line":28,"column":22}},"28":{"start":{"line":29,"column":0},"end":{"line":29,"column":109}},"29":{"start":{"line":30,"column":0},"end":{"line":30,"column":8}},"30":{"start":{"line":31,"column":0},"end":{"line":31,"column":22}},"31":{"start":{"line":32,"column":0},"end":{"line":32,"column":103}},"32":{"start":{"line":33,"column":0},"end":{"line":33,"column":8}},"33":{"start":{"line":34,"column":0},"end":{"line":34,"column":22}},"34":{"start":{"line":35,"column":0},"end":{"line":35,"column":104}},"35":{"start":{"line":36,"column":0},"end":{"line":36,"column":8}},"36":{"start":{"line":37,"column":0},"end":{"line":37,"column":22}},"37":{"start":{"line":38,"column":0},"end":{"line":38,"column":101}},"38":{"start":{"line":39,"column":0},"end":{"line":39,"column":8}},"39":{"start":{"line":40,"column":0},"end":{"line":40,"column":22}},"40":{"start":{"line":41,"column":0},"end":{"line":41,"column":8}},"41":{"start":{"line":42,"column":0},"end":{"line":42,"column":22}},"42":{"start":{"line":43,"column":0},"end":{"line":43,"column":101}},"43":{"start":{"line":44,"column":0},"end":{"line":44,"column":8}},"44":{"start":{"line":45,"column":0},"end":{"line":45,"column":22}},"45":{"start":{"line":46,"column":0},"end":{"line":46,"column":109}},"46":{"start":{"line":47,"column":0},"end":{"line":47,"column":8}},"47":{"start":{"line":48,"column":0},"end":{"line":48,"column":7}},"48":{"start":{"line":49,"column":0},"end":{"line":49,"column":6}}},"s":{"0":1,"1":1,"2":1,"3":1,"4":1,"5":1,"6":1,"7":1,"8":1,"9":1,"10":1,"11":1,"12":1,"13":1,"14":1,"15":1,"16":1,"17":1,"18":1,"19":1,"20":1,"21":1,"22":1,"23":1,"24":1,"25":1,"26":1,"27":1,"28":1,"29":1,"30":1,"31":1,"32":1,"33":1,"34":1,"35":1,"36":1,"37":1,"38":1,"39":1,"40":1,"41":1,"42":1,"43":1,"44":1,"45":1,"46":1,"47":1,"48":1},"branchMap":{"0":{"type":"branch","line":14,"loc":{"start":{"line":14,"column":44},"end":{"line":14,"column":54}},"locations":[{"start":{"line":14,"column":44},"end":{"line":14,"column":54}}]},"1":{"type":"branch","line":14,"loc":{"start":{"line":14,"column":54},"end":{"line":14,"column":64}},"locations":[{"start":{"line":14,"column":54},"end":{"line":14,"column":64}}]},"2":{"type":"branch","line":14,"loc":{"start":{"line":14,"column":64},"end":{"line":14,"column":74}},"locations":[{"start":{"line":14,"column":64},"end":{"line":14,"column":74}}]},"3":{"type":"branch","line":14,"loc":{"start":{"line":14,"column":74},"end":{"line":14,"column":84}},"locations":[{"start":{"line":14,"column":74},"end":{"line":14,"column":84}}]},"4":{"type":"branch","line":14,"loc":{"start":{"line":14,"column":84},"end":{"line":14,"column":94}},"locations":[{"start":{"line":14,"column":84},"end":{"line":14,"column":94}}]},"5":{"type":"branch","line":14,"loc":{"start":{"line":14,"column":94},"end":{"line":14,"column":101}},"locations":[{"start":{"line":14,"column":94},"end":{"line":14,"column":101}}]},"6":{"type":"branch","line":17,"loc":{"start":{"line":17,"column":42},"end":{"line":17,"column":52}},"locations":[{"start":{"line":17,"column":42},"end":{"line":17,"column":52}}]},"7":{"type":"branch","line":17,"loc":{"start":{"line":17,"column":52},"end":{"line":17,"column":62}},"locations":[{"start":{"line":17,"column":52},"end":{"line":17,"column":62}}]},"8":{"type":"branch","line":17,"loc":{"start":{"line":17,"column":62},"end":{"line":17,"column":72}},"locations":[{"start":{"line":17,"column":62},"end":{"line":17,"column":72}}]},"9":{"type":"branch","line":17,"loc":{"start":{"line":17,"column":72},"end":{"line":17,"column":82}},"locations":[{"start":{"line":17,"column":72},"end":{"line":17,"column":82}}]},"10":{"type":"branch","line":17,"loc":{"start":{"line":17,"column":82},"end":{"line":17,"column":92}},"locations":[{"start":{"line":17,"column":82},"end":{"line":17,"column":92}}]},"11":{"type":"branch","line":17,"loc":{"start":{"line":17,"column":92},"end":{"line":17,"column":99}},"locations":[{"start":{"line":17,"column":92},"end":{"line":17,"column":99}}]},"12":{"type":"branch","line":20,"loc":{"start":{"line":20,"column":50},"end":{"line":20,"column":60}},"locations":[{"start":{"line":20,"column":50},"end":{"line":20,"column":60}}]},"13":{"type":"branch","line":20,"loc":{"start":{"line":20,"column":60},"end":{"line":20,"column":70}},"locations":[{"start":{"line":20,"column":60},"end":{"line":20,"column":70}}]},"14":{"type":"branch","line":20,"loc":{"start":{"line":20,"column":70},"end":{"line":20,"column":80}},"locations":[{"start":{"line":20,"column":70},"end":{"line":20,"column":80}}]},"15":{"type":"branch","line":20,"loc":{"start":{"line":20,"column":80},"end":{"line":20,"column":90}},"locations":[{"start":{"line":20,"column":80},"end":{"line":20,"column":90}}]},"16":{"type":"branch","line":20,"loc":{"start":{"line":20,"column":90},"end":{"line":20,"column":100}},"locations":[{"start":{"line":20,"column":90},"end":{"line":20,"column":100}}]},"17":{"type":"branch","line":20,"loc":{"start":{"line":20,"column":100},"end":{"line":20,"column":107}},"locations":[{"start":{"line":20,"column":100},"end":{"line":20,"column":107}}]},"18":{"type":"branch","line":23,"loc":{"start":{"line":23,"column":50},"end":{"line":23,"column":60}},"locations":[{"start":{"line":23,"column":50},"end":{"line":23,"column":60}}]},"19":{"type":"branch","line":23,"loc":{"start":{"line":23,"column":60},"end":{"line":23,"column":70}},"locations":[{"start":{"line":23,"column":60},"end":{"line":23,"column":70}}]},"20":{"type":"branch","line":23,"loc":{"start":{"line":23,"column":70},"end":{"line":23,"column":80}},"locations":[{"start":{"line":23,"column":70},"end":{"line":23,"column":80}}]},"21":{"type":"branch","line":23,"loc":{"start":{"line":23,"column":80},"end":{"line":23,"column":90}},"locations":[{"start":{"line":23,"column":80},"end":{"line":23,"column":90}}]},"22":{"type":"branch","line":23,"loc":{"start":{"line":23,"column":90},"end":{"line":23,"column":100}},"locations":[{"start":{"line":23,"column":90},"end":{"line":23,"column":100}}]},"23":{"type":"branch","line":23,"loc":{"start":{"line":23,"column":100},"end":{"line":23,"column":107}},"locations":[{"start":{"line":23,"column":100},"end":{"line":23,"column":107}}]},"24":{"type":"branch","line":26,"loc":{"start":{"line":26,"column":49},"end":{"line":26,"column":59}},"locations":[{"start":{"line":26,"column":49},"end":{"line":26,"column":59}}]},"25":{"type":"branch","line":26,"loc":{"start":{"line":26,"column":59},"end":{"line":26,"column":69}},"locations":[{"start":{"line":26,"column":59},"end":{"line":26,"column":69}}]},"26":{"type":"branch","line":26,"loc":{"start":{"line":26,"column":69},"end":{"line":26,"column":79}},"locations":[{"start":{"line":26,"column":69},"end":{"line":26,"column":79}}]},"27":{"type":"branch","line":26,"loc":{"start":{"line":26,"column":79},"end":{"line":26,"column":89}},"locations":[{"start":{"line":26,"column":79},"end":{"line":26,"column":89}}]},"28":{"type":"branch","line":26,"loc":{"start":{"line":26,"column":89},"end":{"line":26,"column":99}},"locations":[{"start":{"line":26,"column":89},"end":{"line":26,"column":99}}]},"29":{"type":"branch","line":26,"loc":{"start":{"line":26,"column":99},"end":{"line":26,"column":106}},"locations":[{"start":{"line":26,"column":99},"end":{"line":26,"column":106}}]},"30":{"type":"branch","line":29,"loc":{"start":{"line":29,"column":52},"end":{"line":29,"column":62}},"locations":[{"start":{"line":29,"column":52},"end":{"line":29,"column":62}}]},"31":{"type":"branch","line":29,"loc":{"start":{"line":29,"column":62},"end":{"line":29,"column":72}},"locations":[{"start":{"line":29,"column":62},"end":{"line":29,"column":72}}]},"32":{"type":"branch","line":29,"loc":{"start":{"line":29,"column":72},"end":{"line":29,"column":82}},"locations":[{"start":{"line":29,"column":72},"end":{"line":29,"column":82}}]},"33":{"type":"branch","line":29,"loc":{"start":{"line":29,"column":82},"end":{"line":29,"column":92}},"locations":[{"start":{"line":29,"column":82},"end":{"line":29,"column":92}}]},"34":{"type":"branch","line":29,"loc":{"start":{"line":29,"column":92},"end":{"line":29,"column":102}},"locations":[{"start":{"line":29,"column":92},"end":{"line":29,"column":102}}]},"35":{"type":"branch","line":29,"loc":{"start":{"line":29,"column":102},"end":{"line":29,"column":109}},"locations":[{"start":{"line":29,"column":102},"end":{"line":29,"column":109}}]},"36":{"type":"branch","line":32,"loc":{"start":{"line":32,"column":46},"end":{"line":32,"column":56}},"locations":[{"start":{"line":32,"column":46},"end":{"line":32,"column":56}}]},"37":{"type":"branch","line":32,"loc":{"start":{"line":32,"column":56},"end":{"line":32,"column":66}},"locations":[{"start":{"line":32,"column":56},"end":{"line":32,"column":66}}]},"38":{"type":"branch","line":32,"loc":{"start":{"line":32,"column":66},"end":{"line":32,"column":76}},"locations":[{"start":{"line":32,"column":66},"end":{"line":32,"column":76}}]},"39":{"type":"branch","line":32,"loc":{"start":{"line":32,"column":76},"end":{"line":32,"column":86}},"locations":[{"start":{"line":32,"column":76},"end":{"line":32,"column":86}}]},"40":{"type":"branch","line":32,"loc":{"start":{"line":32,"column":86},"end":{"line":32,"column":96}},"locations":[{"start":{"line":32,"column":86},"end":{"line":32,"column":96}}]},"41":{"type":"branch","line":32,"loc":{"start":{"line":32,"column":96},"end":{"line":32,"column":103}},"locations":[{"start":{"line":32,"column":96},"end":{"line":32,"column":103}}]},"42":{"type":"branch","line":35,"loc":{"start":{"line":35,"column":47},"end":{"line":35,"column":57}},"locations":[{"start":{"line":35,"column":47},"end":{"line":35,"column":57}}]},"43":{"type":"branch","line":35,"loc":{"start":{"line":35,"column":57},"end":{"line":35,"column":67}},"locations":[{"start":{"line":35,"column":57},"end":{"line":35,"column":67}}]},"44":{"type":"branch","line":35,"loc":{"start":{"line":35,"column":67},"end":{"line":35,"column":77}},"locations":[{"start":{"line":35,"column":67},"end":{"line":35,"column":77}}]},"45":{"type":"branch","line":35,"loc":{"start":{"line":35,"column":77},"end":{"line":35,"column":87}},"locations":[{"start":{"line":35,"column":77},"end":{"line":35,"column":87}}]},"46":{"type":"branch","line":35,"loc":{"start":{"line":35,"column":87},"end":{"line":35,"column":97}},"locations":[{"start":{"line":35,"column":87},"end":{"line":35,"column":97}}]},"47":{"type":"branch","line":35,"loc":{"start":{"line":35,"column":97},"end":{"line":35,"column":104}},"locations":[{"start":{"line":35,"column":97},"end":{"line":35,"column":104}}]},"48":{"type":"branch","line":38,"loc":{"start":{"line":38,"column":44},"end":{"line":38,"column":54}},"locations":[{"start":{"line":38,"column":44},"end":{"line":38,"column":54}}]},"49":{"type":"branch","line":38,"loc":{"start":{"line":38,"column":54},"end":{"line":38,"column":64}},"locations":[{"start":{"line":38,"column":54},"end":{"line":38,"column":64}}]},"50":{"type":"branch","line":38,"loc":{"start":{"line":38,"column":64},"end":{"line":38,"column":74}},"locations":[{"start":{"line":38,"column":64},"end":{"line":38,"column":74}}]},"51":{"type":"branch","line":38,"loc":{"start":{"line":38,"column":74},"end":{"line":38,"column":84}},"locations":[{"start":{"line":38,"column":74},"end":{"line":38,"column":84}}]},"52":{"type":"branch","line":38,"loc":{"start":{"line":38,"column":84},"end":{"line":38,"column":94}},"locations":[{"start":{"line":38,"column":84},"end":{"line":38,"column":94}}]},"53":{"type":"branch","line":38,"loc":{"start":{"line":38,"column":94},"end":{"line":38,"column":101}},"locations":[{"start":{"line":38,"column":94},"end":{"line":38,"column":101}}]},"54":{"type":"branch","line":43,"loc":{"start":{"line":43,"column":44},"end":{"line":43,"column":54}},"locations":[{"start":{"line":43,"column":44},"end":{"line":43,"column":54}}]},"55":{"type":"branch","line":43,"loc":{"start":{"line":43,"column":54},"end":{"line":43,"column":64}},"locations":[{"start":{"line":43,"column":54},"end":{"line":43,"column":64}}]},"56":{"type":"branch","line":43,"loc":{"start":{"line":43,"column":64},"end":{"line":43,"column":74}},"locations":[{"start":{"line":43,"column":64},"end":{"line":43,"column":74}}]},"57":{"type":"branch","line":43,"loc":{"start":{"line":43,"column":74},"end":{"line":43,"column":84}},"locations":[{"start":{"line":43,"column":74},"end":{"line":43,"column":84}}]},"58":{"type":"branch","line":43,"loc":{"start":{"line":43,"column":84},"end":{"line":43,"column":94}},"locations":[{"start":{"line":43,"column":84},"end":{"line":43,"column":94}}]},"59":{"type":"branch","line":43,"loc":{"start":{"line":43,"column":94},"end":{"line":43,"column":101}},"locations":[{"start":{"line":43,"column":94},"end":{"line":43,"column":101}}]},"60":{"type":"branch","line":46,"loc":{"start":{"line":46,"column":52},"end":{"line":46,"column":62}},"locations":[{"start":{"line":46,"column":52},"end":{"line":46,"column":62}}]},"61":{"type":"branch","line":46,"loc":{"start":{"line":46,"column":62},"end":{"line":46,"column":72}},"locations":[{"start":{"line":46,"column":62},"end":{"line":46,"column":72}}]},"62":{"type":"branch","line":46,"loc":{"start":{"line":46,"column":72},"end":{"line":46,"column":82}},"locations":[{"start":{"line":46,"column":72},"end":{"line":46,"column":82}}]},"63":{"type":"branch","line":46,"loc":{"start":{"line":46,"column":82},"end":{"line":46,"column":92}},"locations":[{"start":{"line":46,"column":82},"end":{"line":46,"column":92}}]},"64":{"type":"branch","line":46,"loc":{"start":{"line":46,"column":92},"end":{"line":46,"column":102}},"locations":[{"start":{"line":46,"column":92},"end":{"line":46,"column":102}}]},"65":{"type":"branch","line":46,"loc":{"start":{"line":46,"column":102},"end":{"line":46,"column":109}},"locations":[{"start":{"line":46,"column":102},"end":{"line":46,"column":109}}]}},"b":{"0":[2],"1":[2],"2":[1],"3":[2],"4":[2],"5":[2],"6":[2],"7":[2],"8":[1],"9":[2],"10":[2],"11":[2],"12":[2],"13":[2],"14":[1],"15":[2],"16":[2],"17":[2],"18":[2],"19":[2],"20":[1],"21":[2],"22":[2],"23":[2],"24":[2],"25":[2],"26":[1],"27":[2],"28":[2],"29":[2],"30":[2],"31":[2],"32":[1],"33":[2],"34":[2],"35":[2],"36":[2],"37":[2],"38":[1],"39":[2],"40":[2],"41":[2],"42":[2],"43":[2],"44":[1],"45":[2],"46":[2],"47":[2],"48":[2],"49":[2],"50":[1],"51":[2],"52":[2],"53":[2],"54":[2],"55":[2],"56":[1],"57":[2],"58":[2],"59":[2],"60":[2],"61":[2],"62":[1],"63":[2],"64":[2],"65":[2]},"fnMap":{},"f":{}}
,"/home/scooter/Projects/rqg-attributes/src/lib/components/DamageBonus.svelte": {"path":"/home/scooter/Projects/rqg-attributes/src/lib/components/DamageBonus.svelte","all":false,"statementMap":{"0":{"start":{"line":1,"column":0},"end":{"line":1,"column":8}},"1":{"start":{"line":2,"column":0},"end":{"line":2,"column":45}},"2":{"start":{"line":3,"column":0},"end":{"line":3,"column":21}},"3":{"start":{"line":4,"column":0},"end":{"line":4,"column":21}},"4":{"start":{"line":5,"column":0},"end":{"line":5,"column":21}},"5":{"start":{"line":6,"column":0},"end":{"line":6,"column":9}},"6":{"start":{"line":7,"column":0},"end":{"line":7,"column":0}},"7":{"start":{"line":8,"column":0},"end":{"line":8,"column":33}},"8":{"start":{"line":9,"column":0},"end":{"line":9,"column":32}},"9":{"start":{"line":10,"column":0},"end":{"line":10,"column":54}},"10":{"start":{"line":11,"column":0},"end":{"line":11,"column":8}},"11":{"start":{"line":12,"column":0},"end":{"line":12,"column":15}},"12":{"start":{"line":13,"column":0},"end":{"line":13,"column":6}},"13":{"start":{"line":14,"column":0},"end":{"line":14,"column":6}}},"s":{"0":1,"1":1,"2":1,"3":1,"4":1,"5":1,"6":1,"7":1,"8":1,"9":1,"10":1,"11":1,"12":1,"13":1},"branchMap":{},"b":{},"fnMap":{},"f":{}}
,"/home/scooter/Projects/rqg-attributes/src/lib/components/DexSR.svelte": {"path":"/home/scooter/Projects/rqg-attributes/src/lib/components/DexSR.svelte","all":false,"statementMap":{"0":{"start":{"line":1,"column":0},"end":{"line":1,"column":8}},"1":{"start":{"line":2,"column":0},"end":{"line":2,"column":39}},"2":{"start":{"line":3,"column":0},"end":{"line":3,"column":16}},"3":{"start":{"line":4,"column":0},"end":{"line":4,"column":21}},"4":{"start":{"line":5,"column":0},"end":{"line":5,"column":9}},"5":{"start":{"line":6,"column":0},"end":{"line":6,"column":0}},"6":{"start":{"line":7,"column":0},"end":{"line":7,"column":33}},"7":{"start":{"line":8,"column":0},"end":{"line":8,"column":25}},"8":{"start":{"line":9,"column":0},"end":{"line":9,"column":40}},"9":{"start":{"line":10,"column":0},"end":{"line":10,"column":8}},"10":{"start":{"line":11,"column":0},"end":{"line":11,"column":22}},"11":{"start":{"line":12,"column":0},"end":{"line":12,"column":6}},"12":{"start":{"line":13,"column":0},"end":{"line":13,"column":6}}},"s":{"0":1,"1":1,"2":1,"3":1,"4":1,"5":1,"6":1,"7":1,"8":1,"9":1,"10":1,"11":1,"12":1},"branchMap":{},"b":{},"fnMap":{},"f":{}}
,"/home/scooter/Projects/rqg-attributes/src/lib/components/HealingRate.svelte": {"path":"/home/scooter/Projects/rqg-attributes/src/lib/components/HealingRate.svelte","all":false,"statementMap":{"0":{"start":{"line":1,"column":0},"end":{"line":1,"column":8}},"1":{"start":{"line":2,"column":0},"end":{"line":2,"column":16}},"2":{"start":{"line":3,"column":0},"end":{"line":3,"column":21}},"3":{"start":{"line":4,"column":0},"end":{"line":4,"column":9}},"4":{"start":{"line":5,"column":0},"end":{"line":5,"column":0}},"5":{"start":{"line":6,"column":0},"end":{"line":6,"column":33}},"6":{"start":{"line":7,"column":0},"end":{"line":7,"column":31}},"7":{"start":{"line":8,"column":0},"end":{"line":8,"column":41}},"8":{"start":{"line":9,"column":0},"end":{"line":9,"column":8}},"9":{"start":{"line":10,"column":0},"end":{"line":10,"column":24}},"10":{"start":{"line":11,"column":0},"end":{"line":11,"column":6}},"11":{"start":{"line":12,"column":0},"end":{"line":12,"column":6}}},"s":{"0":1,"1":1,"2":1,"3":1,"4":1,"5":1,"6":1,"7":1,"8":1,"9":1,"10":1,"11":1},"branchMap":{},"b":{},"fnMap":{},"f":{}}
,"/home/scooter/Projects/rqg-attributes/src/lib/components/HitPoints.svelte": {"path":"/home/scooter/Projects/rqg-attributes/src/lib/components/HitPoints.svelte","all":false,"statementMap":{"0":{"start":{"line":1,"column":0},"end":{"line":1,"column":8}},"1":{"start":{"line":2,"column":0},"end":{"line":2,"column":47}},"2":{"start":{"line":3,"column":0},"end":{"line":3,"column":26}},"3":{"start":{"line":4,"column":0},"end":{"line":4,"column":21}},"4":{"start":{"line":5,"column":0},"end":{"line":5,"column":21}},"5":{"start":{"line":6,"column":0},"end":{"line":6,"column":21}},"6":{"start":{"line":7,"column":0},"end":{"line":7,"column":9}},"7":{"start":{"line":8,"column":0},"end":{"line":8,"column":0}},"8":{"start":{"line":9,"column":0},"end":{"line":9,"column":33}},"9":{"start":{"line":10,"column":0},"end":{"line":10,"column":75}},"10":{"start":{"line":11,"column":0},"end":{"line":11,"column":46}},"11":{"start":{"line":12,"column":0},"end":{"line":12,"column":8}},"12":{"start":{"line":13,"column":0},"end":{"line":13,"column":19}},"13":{"start":{"line":14,"column":0},"end":{"line":14,"column":6}},"14":{"start":{"line":15,"column":0},"end":{"line":15,"column":6}}},"s":{"0":1,"1":1,"2":1,"3":1,"4":1,"5":1,"6":1,"7":1,"8":1,"9":1,"10":1,"11":1,"12":1,"13":1,"14":1},"branchMap":{},"b":{},"fnMap":{},"f":{}}
,"/home/scooter/Projects/rqg-attributes/src/lib/components/Input.svelte": {"path":"/home/scooter/Projects/rqg-attributes/src/lib/components/Input.svelte","all":false,"statementMap":{"0":{"start":{"line":1,"column":0},"end":{"line":1,"column":8}},"1":{"start":{"line":2,"column":0},"end":{"line":2,"column":20}},"2":{"start":{"line":3,"column":0},"end":{"line":3,"column":16}},"3":{"start":{"line":4,"column":0},"end":{"line":4,"column":0}},"4":{"start":{"line":5,"column":0},"end":{"line":5,"column":47}},"5":{"start":{"line":6,"column":0},"end":{"line":6,"column":9}},"6":{"start":{"line":7,"column":0},"end":{"line":7,"column":0}},"7":{"start":{"line":8,"column":0},"end":{"line":8,"column":28}},"8":{"start":{"line":9,"column":0},"end":{"line":9,"column":31}},"9":{"start":{"line":10,"column":0},"end":{"line":10,"column":47}},"10":{"start":{"line":11,"column":0},"end":{"line":11,"column":45}},"11":{"start":{"line":12,"column":0},"end":{"line":12,"column":7}},"12":{"start":{"line":13,"column":0},"end":{"line":13,"column":6}}},"s":{"0":1,"1":1,"2":1,"3":1,"4":1,"5":1,"6":1,"7":1,"8":1,"9":1,"10":1,"11":1,"12":1},"branchMap":{"0":{"type":"branch","line":10,"loc":{"start":{"line":10,"column":36},"end":{"line":10,"column":47}},"locations":[{"start":{"line":10,"column":36},"end":{"line":10,"column":47}}]}},"b":{"0":[0]},"fnMap":{},"f":{}}
,"/home/scooter/Projects/rqg-attributes/src/lib/components/MaxEnc.svelte": {"path":"/home/scooter/Projects/rqg-attributes/src/lib/components/MaxEnc.svelte","all":false,"statementMap":{"0":{"start":{"line":1,"column":0},"end":{"line":1,"column":8}},"1":{"start":{"line":2,"column":0},"end":{"line":2,"column":41}},"2":{"start":{"line":3,"column":0},"end":{"line":3,"column":21}},"3":{"start":{"line":4,"column":0},"end":{"line":4,"column":21}},"4":{"start":{"line":5,"column":0},"end":{"line":5,"column":21}},"5":{"start":{"line":6,"column":0},"end":{"line":6,"column":9}},"6":{"start":{"line":7,"column":0},"end":{"line":7,"column":0}},"7":{"start":{"line":8,"column":0},"end":{"line":8,"column":33}},"8":{"start":{"line":9,"column":0},"end":{"line":9,"column":30}},"9":{"start":{"line":10,"column":0},"end":{"line":10,"column":35}},"10":{"start":{"line":11,"column":0},"end":{"line":11,"column":8}},"11":{"start":{"line":12,"column":0},"end":{"line":12,"column":16}},"12":{"start":{"line":13,"column":0},"end":{"line":13,"column":6}},"13":{"start":{"line":14,"column":0},"end":{"line":14,"column":6}}},"s":{"0":1,"1":1,"2":1,"3":1,"4":1,"5":1,"6":1,"7":1,"8":1,"9":1,"10":1,"11":1,"12":1,"13":1},"branchMap":{},"b":{},"fnMap":{},"f":{}}
,"/home/scooter/Projects/rqg-attributes/src/lib/components/SizSR.svelte": {"path":"/home/scooter/Projects/rqg-attributes/src/lib/components/SizSR.svelte","all":false,"statementMap":{"0":{"start":{"line":1,"column":0},"end":{"line":1,"column":8}},"1":{"start":{"line":2,"column":0},"end":{"line":2,"column":39}},"2":{"start":{"line":3,"column":0},"end":{"line":3,"column":16}},"3":{"start":{"line":4,"column":0},"end":{"line":4,"column":21}},"4":{"start":{"line":5,"column":0},"end":{"line":5,"column":9}},"5":{"start":{"line":6,"column":0},"end":{"line":6,"column":0}},"6":{"start":{"line":7,"column":0},"end":{"line":7,"column":33}},"7":{"start":{"line":8,"column":0},"end":{"line":8,"column":24}},"8":{"start":{"line":9,"column":0},"end":{"line":9,"column":41}},"9":{"start":{"line":10,"column":0},"end":{"line":10,"column":8}},"10":{"start":{"line":11,"column":0},"end":{"line":11,"column":22}},"11":{"start":{"line":12,"column":0},"end":{"line":12,"column":6}},"12":{"start":{"line":13,"column":0},"end":{"line":13,"column":6}}},"s":{"0":1,"1":1,"2":1,"3":1,"4":1,"5":1,"6":1,"7":1,"8":1,"9":1,"10":1,"11":1,"12":1},"branchMap":{},"b":{},"fnMap":{},"f":{}}
,"/home/scooter/Projects/rqg-attributes/src/lib/components/SpiritDamage.svelte": {"path":"/home/scooter/Projects/rqg-attributes/src/lib/components/SpiritDamage.svelte","all":false,"statementMap":{"0":{"start":{"line":1,"column":0},"end":{"line":1,"column":8}},"1":{"start":{"line":2,"column":0},"end":{"line":2,"column":47}},"2":{"start":{"line":3,"column":0},"end":{"line":3,"column":21}},"3":{"start":{"line":4,"column":0},"end":{"line":4,"column":21}},"4":{"start":{"line":5,"column":0},"end":{"line":5,"column":21}},"5":{"start":{"line":6,"column":0},"end":{"line":6,"column":9}},"6":{"start":{"line":7,"column":0},"end":{"line":7,"column":0}},"7":{"start":{"line":8,"column":0},"end":{"line":8,"column":33}},"8":{"start":{"line":9,"column":0},"end":{"line":9,"column":33}},"9":{"start":{"line":10,"column":0},"end":{"line":10,"column":51}},"10":{"start":{"line":11,"column":0},"end":{"line":11,"column":8}},"11":{"start":{"line":12,"column":0},"end":{"line":12,"column":29}},"12":{"start":{"line":13,"column":0},"end":{"line":13,"column":6}},"13":{"start":{"line":14,"column":0},"end":{"line":14,"column":6}}},"s":{"0":1,"1":1,"2":1,"3":1,"4":1,"5":1,"6":1,"7":1,"8":1,"9":1,"10":1,"11":1,"12":1,"13":1},"branchMap":{},"b":{},"fnMap":{},"f":{}}
,"/home/scooter/Projects/rqg-attributes/src/routes/+page.svelte": {"path":"/home/scooter/Projects/rqg-attributes/src/routes/+page.svelte","all":false,"statementMap":{"0":{"start":{"line":1,"column":0},"end":{"line":1,"column":8}},"1":{"start":{"line":2,"column":0},"end":{"line":2,"column":62}},"2":{"start":{"line":3,"column":0},"end":{"line":3,"column":55}},"3":{"start":{"line":4,"column":0},"end":{"line":4,"column":0}},"4":{"start":{"line":5,"column":0},"end":{"line":5,"column":19}},"5":{"start":{"line":6,"column":0},"end":{"line":6,"column":23}},"6":{"start":{"line":7,"column":0},"end":{"line":7,"column":15}},"7":{"start":{"line":8,"column":0},"end":{"line":8,"column":20}},"8":{"start":{"line":9,"column":0},"end":{"line":9,"column":23}},"9":{"start":{"line":10,"column":0},"end":{"line":10,"column":16}},"10":{"start":{"line":11,"column":0},"end":{"line":11,"column":19}},"11":{"start":{"line":12,"column":0},"end":{"line":12,"column":0}},"12":{"start":{"line":13,"column":0},"end":{"line":13,"column":47}},"13":{"start":{"line":14,"column":0},"end":{"line":14,"column":55}},"14":{"start":{"line":15,"column":0},"end":{"line":15,"column":39}},"15":{"start":{"line":16,"column":0},"end":{"line":16,"column":49}},"16":{"start":{"line":17,"column":0},"end":{"line":17,"column":55}},"17":{"start":{"line":18,"column":0},"end":{"line":18,"column":41}},"18":{"start":{"line":19,"column":0},"end":{"line":19,"column":47}},"19":{"start":{"line":20,"column":0},"end":{"line":20,"column":9}},"20":{"start":{"line":21,"column":0},"end":{"line":21,"column":0}},"21":{"start":{"line":22,"column":0},"end":{"line":22,"column":26}},"22":{"start":{"line":23,"column":0},"end":{"line":23,"column":9}},"23":{"start":{"line":24,"column":0},"end":{"line":24,"column":73}},"24":{"start":{"line":25,"column":0},"end":{"line":25,"column":25}},"25":{"start":{"line":26,"column":0},"end":{"line":26,"column":68}},"26":{"start":{"line":27,"column":0},"end":{"line":27,"column":7}},"27":{"start":{"line":28,"column":0},"end":{"line":28,"column":35}},"28":{"start":{"line":29,"column":0},"end":{"line":29,"column":42}},"29":{"start":{"line":30,"column":0},"end":{"line":30,"column":32}},"30":{"start":{"line":31,"column":0},"end":{"line":31,"column":35}},"31":{"start":{"line":32,"column":0},"end":{"line":32,"column":56}},"32":{"start":{"line":33,"column":0},"end":{"line":33,"column":46}},"33":{"start":{"line":34,"column":0},"end":{"line":34,"column":11}},"34":{"start":{"line":35,"column":0},"end":{"line":35,"column":10}},"35":{"start":{"line":36,"column":0},"end":{"line":36,"column":32}},"36":{"start":{"line":37,"column":0},"end":{"line":37,"column":35}},"37":{"start":{"line":38,"column":0},"end":{"line":38,"column":56}},"38":{"start":{"line":39,"column":0},"end":{"line":39,"column":50}},"39":{"start":{"line":40,"column":0},"end":{"line":40,"column":11}},"40":{"start":{"line":41,"column":0},"end":{"line":41,"column":10}},"41":{"start":{"line":42,"column":0},"end":{"line":42,"column":32}},"42":{"start":{"line":43,"column":0},"end":{"line":43,"column":35}},"43":{"start":{"line":44,"column":0},"end":{"line":44,"column":56}},"44":{"start":{"line":45,"column":0},"end":{"line":45,"column":42}},"45":{"start":{"line":46,"column":0},"end":{"line":46,"column":11}},"46":{"start":{"line":47,"column":0},"end":{"line":47,"column":10}},"47":{"start":{"line":48,"column":0},"end":{"line":48,"column":32}},"48":{"start":{"line":49,"column":0},"end":{"line":49,"column":35}},"49":{"start":{"line":50,"column":0},"end":{"line":50,"column":56}},"50":{"start":{"line":51,"column":0},"end":{"line":51,"column":47}},"51":{"start":{"line":52,"column":0},"end":{"line":52,"column":11}},"52":{"start":{"line":53,"column":0},"end":{"line":53,"column":10}},"53":{"start":{"line":54,"column":0},"end":{"line":54,"column":32}},"54":{"start":{"line":55,"column":0},"end":{"line":55,"column":35}},"55":{"start":{"line":56,"column":0},"end":{"line":56,"column":56}},"56":{"start":{"line":57,"column":0},"end":{"line":57,"column":50}},"57":{"start":{"line":58,"column":0},"end":{"line":58,"column":11}},"58":{"start":{"line":59,"column":0},"end":{"line":59,"column":10}},"59":{"start":{"line":60,"column":0},"end":{"line":60,"column":32}},"60":{"start":{"line":61,"column":0},"end":{"line":61,"column":35}},"61":{"start":{"line":62,"column":0},"end":{"line":62,"column":56}},"62":{"start":{"line":63,"column":0},"end":{"line":63,"column":43}},"63":{"start":{"line":64,"column":0},"end":{"line":64,"column":11}},"64":{"start":{"line":65,"column":0},"end":{"line":65,"column":10}},"65":{"start":{"line":66,"column":0},"end":{"line":66,"column":32}},"66":{"start":{"line":67,"column":0},"end":{"line":67,"column":35}},"67":{"start":{"line":68,"column":0},"end":{"line":68,"column":56}},"68":{"start":{"line":69,"column":0},"end":{"line":69,"column":46}},"69":{"start":{"line":70,"column":0},"end":{"line":70,"column":11}},"70":{"start":{"line":71,"column":0},"end":{"line":71,"column":10}},"71":{"start":{"line":72,"column":0},"end":{"line":72,"column":9}},"72":{"start":{"line":73,"column":0},"end":{"line":73,"column":8}},"73":{"start":{"line":74,"column":0},"end":{"line":74,"column":7}},"74":{"start":{"line":75,"column":0},"end":{"line":75,"column":12}},"75":{"start":{"line":76,"column":0},"end":{"line":76,"column":16}},"76":{"start":{"line":77,"column":0},"end":{"line":77,"column":20}},"77":{"start":{"line":78,"column":0},"end":{"line":78,"column":12}},"78":{"start":{"line":79,"column":0},"end":{"line":79,"column":17}},"79":{"start":{"line":80,"column":0},"end":{"line":80,"column":13}},"80":{"start":{"line":81,"column":0},"end":{"line":81,"column":16}},"81":{"start":{"line":82,"column":0},"end":{"line":82,"column":3}},"82":{"start":{"line":83,"column":0},"end":{"line":83,"column":9}},"83":{"start":{"line":84,"column":0},"end":{"line":84,"column":16}},"84":{"start":{"line":85,"column":0},"end":{"line":85,"column":12}},"85":{"start":{"line":86,"column":0},"end":{"line":86,"column":17}},"86":{"start":{"line":87,"column":0},"end":{"line":87,"column":22}},"87":{"start":{"line":88,"column":0},"end":{"line":88,"column":13}},"88":{"start":{"line":89,"column":0},"end":{"line":89,"column":16}},"89":{"start":{"line":90,"column":0},"end":{"line":90,"column":3}},"90":{"start":{"line":91,"column":0},"end":{"line":91,"column":6}}},"s":{"0":1,"1":1,"2":1,"3":1,"4":1,"5":1,"6":1,"7":1,"8":1,"9":1,"10":1,"11":1,"12":1,"13":1,"14":1,"15":1,"16":1,"17":1,"18":1,"19":1,"20":1,"21":1,"22":1,"23":1,"24":1,"25":1,"26":1,"27":1,"28":1,"29":1,"30":1,"31":1,"32":1,"33":1,"34":1,"35":1,"36":1,"37":1,"38":1,"39":1,"40":1,"41":1,"42":1,"43":1,"44":1,"45":1,"46":1,"47":1,"48":1,"49":1,"50":1,"51":1,"52":1,"53":1,"54":1,"55":1,"56":1,"57":1,"58":1,"59":1,"60":1,"61":1,"62":1,"63":1,"64":1,"65":1,"66":1,"67":1,"68":1,"69":1,"70":1,"71":1,"72":1,"73":1,"74":1,"75":1,"76":1,"77":1,"78":1,"79":1,"80":1,"81":1,"82":1,"83":1,"84":1,"85":1,"86":1,"87":1,"88":1,"89":1,"90":1},"branchMap":{"0":{"type":"branch","line":33,"loc":{"start":{"line":33,"column":34},"end":{"line":33,"column":46}},"locations":[{"start":{"line":33,"column":34},"end":{"line":33,"column":46}}]},"1":{"type":"branch","line":39,"loc":{"start":{"line":39,"column":34},"end":{"line":39,"column":50}},"locations":[{"start":{"line":39,"column":34},"end":{"line":39,"column":50}}]},"2":{"type":"branch","line":45,"loc":{"start":{"line":45,"column":34},"end":{"line":45,"column":42}},"locations":[{"start":{"line":45,"column":34},"end":{"line":45,"column":42}}]},"3":{"type":"branch","line":51,"loc":{"start":{"line":51,"column":34},"end":{"line":51,"column":47}},"locations":[{"start":{"line":51,"column":34},"end":{"line":51,"column":47}}]},"4":{"type":"branch","line":57,"loc":{"start":{"line":57,"column":34},"end":{"line":57,"column":50}},"locations":[{"start":{"line":57,"column":34},"end":{"line":57,"column":50}}]},"5":{"type":"branch","line":63,"loc":{"start":{"line":63,"column":34},"end":{"line":63,"column":43}},"locations":[{"start":{"line":63,"column":34},"end":{"line":63,"column":43}}]},"6":{"type":"branch","line":69,"loc":{"start":{"line":69,"column":34},"end":{"line":69,"column":46}},"locations":[{"start":{"line":69,"column":34},"end":{"line":69,"column":46}}]},"7":{"type":"branch","line":76,"loc":{"start":{"line":76,"column":7},"end":{"line":76,"column":16}},"locations":[{"start":{"line":76,"column":7},"end":{"line":76,"column":16}}]},"8":{"type":"branch","line":77,"loc":{"start":{"line":77,"column":7},"end":{"line":77,"column":20}},"locations":[{"start":{"line":77,"column":7},"end":{"line":77,"column":20}}]},"9":{"type":"branch","line":78,"loc":{"start":{"line":78,"column":7},"end":{"line":78,"column":12}},"locations":[{"start":{"line":78,"column":7},"end":{"line":78,"column":12}}]},"10":{"type":"branch","line":79,"loc":{"start":{"line":79,"column":7},"end":{"line":79,"column":17}},"locations":[{"start":{"line":79,"column":7},"end":{"line":79,"column":17}}]},"11":{"type":"branch","line":80,"loc":{"start":{"line":80,"column":7},"end":{"line":80,"column":13}},"locations":[{"start":{"line":80,"column":7},"end":{"line":80,"column":13}}]},"12":{"type":"branch","line":81,"loc":{"start":{"line":81,"column":7},"end":{"line":81,"column":16}},"locations":[{"start":{"line":81,"column":7},"end":{"line":81,"column":16}}]},"13":{"type":"branch","line":84,"loc":{"start":{"line":84,"column":7},"end":{"line":84,"column":16}},"locations":[{"start":{"line":84,"column":7},"end":{"line":84,"column":16}}]},"14":{"type":"branch","line":85,"loc":{"start":{"line":85,"column":7},"end":{"line":85,"column":12}},"locations":[{"start":{"line":85,"column":7},"end":{"line":85,"column":12}}]},"15":{"type":"branch","line":86,"loc":{"start":{"line":86,"column":7},"end":{"line":86,"column":17}},"locations":[{"start":{"line":86,"column":7},"end":{"line":86,"column":17}}]},"16":{"type":"branch","line":87,"loc":{"start":{"line":87,"column":9},"end":{"line":87,"column":22}},"locations":[{"start":{"line":87,"column":9},"end":{"line":87,"column":22}}]},"17":{"type":"branch","line":88,"loc":{"start":{"line":88,"column":7},"end":{"line":88,"column":13}},"locations":[{"start":{"line":88,"column":7},"end":{"line":88,"column":13}}]},"18":{"type":"branch","line":89,"loc":{"start":{"line":89,"column":7},"end":{"line":89,"column":16}},"locations":[{"start":{"line":89,"column":7},"end":{"line":89,"column":16}}]}},"b":{"0":[6],"1":[5],"2":[6],"3":[6],"4":[8],"5":[7],"6":[7],"7":[6],"8":[5],"9":[6],"10":[6],"11":[7],"12":[7],"13":[6],"14":[6],"15":[6],"16":[8],"17":[7],"18":[7]},"fnMap":{},"f":{}}
}
